[    0.000000] Linux version 4.15.0-187-generic (buildd@lcy02-amd64-046) (gcc version 7.5.0 (Ubuntu 7.5.0-3ubuntu1~18.04)) #198-Ubuntu SMP Tue Jun 14 03:23:51 UTC 2022 (Ubuntu 4.15.0-187.198-generic 4.15.18)
[    0.000000] Command line: BOOT_IMAGE=/boot/vmlinuz-4.15.0-187-generic root=LABEL=cloudimg-rootfs ro console=tty1 console=ttyS0
[    0.000000] KERNEL supported cpus:
[    0.000000]   Intel GenuineIntel
[    0.000000]   AMD AuthenticAMD
[    0.000000]   Centaur CentaurHauls
[    0.000000] x86/fpu: Supporting XSAVE feature 0x001: 'x87 floating point registers'
[    0.000000] x86/fpu: Supporting XSAVE feature 0x002: 'SSE registers'
[    0.000000] x86/fpu: Supporting XSAVE feature 0x004: 'AVX registers'
[    0.000000] x86/fpu: xstate_offset[2]:  576, xstate_sizes[2]:  256
[    0.000000] x86/fpu: Enabled xstate features 0x7, context size is 832 bytes, using 'standard' format.
[    0.000000] e820: BIOS-provided physical RAM map:
[    0.000000] BIOS-e820: [mem 0x0000000000000000-0x000000000009fbff] usable
[    0.000000] BIOS-e820: [mem 0x000000000009fc00-0x000000000009ffff] reserved
[    0.000000] BIOS-e820: [mem 0x00000000000f0000-0x00000000000fffff] reserved
[    0.000000] BIOS-e820: [mem 0x0000000000100000-0x000000003ffeffff] usable
[    0.000000] BIOS-e820: [mem 0x000000003fff0000-0x000000003fffffff] ACPI data
[    0.000000] BIOS-e820: [mem 0x00000000fec00000-0x00000000fec00fff] reserved
[    0.000000] BIOS-e820: [mem 0x00000000fee00000-0x00000000fee00fff] reserved
[    0.000000] BIOS-e820: [mem 0x00000000fffc0000-0x00000000ffffffff] reserved
[    0.000000] NX (Execute Disable) protection: active
[    0.000000] SMBIOS 2.5 present.
[    0.000000] DMI: innotek GmbH VirtualBox/VirtualBox, BIOS VirtualBox 12/01/2006
[    0.000000] Hypervisor detected: KVM
[    0.000000] e820: last_pfn = 0x3fff0 max_arch_pfn = 0x400000000
[    0.000000] MTRR: Disabled
[    0.000000] x86/PAT: MTRRs disabled, skipping PAT initialization too.
[    0.000000] CPU MTRRs all blank - virtualized system.
[    0.000000] x86/PAT: Configuration [0-7]: WB  WT  UC- UC  WB  WT  UC- UC  
[    0.000000] found SMP MP-table at [mem 0x0009fff0-0x0009ffff]
[    0.000000] Scanning 1 areas for low memory corruption
[    0.000000] RAMDISK: [mem 0x359c9000-0x36cdbfff]
[    0.000000] ACPI: Early table checksum verification disabled
[    0.000000] ACPI: RSDP 0x00000000000E0000 000024 (v02 VBOX  )
[    0.000000] ACPI: XSDT 0x000000003FFF0030 00003C (v01 VBOX   VBOXXSDT 00000001 ASL  00000061)
[    0.000000] ACPI: FACP 0x000000003FFF00F0 0000F4 (v04 VBOX   VBOXFACP 00000001 ASL  00000061)
[    0.000000] ACPI: DSDT 0x000000003FFF0470 002325 (v02 VBOX   VBOXBIOS 00000002 INTL 20120111)
[    0.000000] ACPI: FACS 0x000000003FFF0200 000040
[    0.000000] ACPI: FACS 0x000000003FFF0200 000040
[    0.000000] ACPI: APIC 0x000000003FFF0240 00005C (v02 VBOX   VBOXAPIC 00000001 ASL  00000061)
[    0.000000] ACPI: SSDT 0x000000003FFF02A0 0001CC (v01 VBOX   VBOXCPUT 00000002 INTL 20120111)
[    0.000000] ACPI: Reserving FACP table memory at [mem 0x3fff00f0-0x3fff01e3]
[    0.000000] ACPI: Reserving DSDT table memory at [mem 0x3fff0470-0x3fff2794]
[    0.000000] ACPI: Reserving FACS table memory at [mem 0x3fff0200-0x3fff023f]
[    0.000000] ACPI: Reserving FACS table memory at [mem 0x3fff0200-0x3fff023f]
[    0.000000] ACPI: Reserving APIC table memory at [mem 0x3fff0240-0x3fff029b]
[    0.000000] ACPI: Reserving SSDT table memory at [mem 0x3fff02a0-0x3fff046b]
[    0.000000] No NUMA configuration found
[    0.000000] Faking a node at [mem 0x0000000000000000-0x000000003ffeffff]
[    0.000000] NODE_DATA(0) allocated [mem 0x3ffc5000-0x3ffeffff]
[    0.000000] kvm-clock: cpu 0, msr 0:3ff44001, primary cpu clock
[    0.000000] kvm-clock: Using msrs 4b564d01 and 4b564d00
[    0.000000] kvm-clock: using sched offset of 5096000601 cycles
[    0.000000] clocksource: kvm-clock: mask: 0xffffffffffffffff max_cycles: 0x1cd42e4dffb, max_idle_ns: 881590591483 ns
[    0.000000] Zone ranges:
[    0.000000]   DMA      [mem 0x0000000000001000-0x0000000000ffffff]
[    0.000000]   DMA32    [mem 0x0000000001000000-0x000000003ffeffff]
[    0.000000]   Normal   empty
[    0.000000]   Device   empty
[    0.000000] Movable zone start for each node
[    0.000000] Early memory node ranges
[    0.000000]   node   0: [mem 0x0000000000001000-0x000000000009efff]
[    0.000000]   node   0: [mem 0x0000000000100000-0x000000003ffeffff]
[    0.000000] Reserved but unavailable: 104 pages
[    0.000000] Initmem setup node 0 [mem 0x0000000000001000-0x000000003ffeffff]
[    0.000000] ACPI: PM-Timer IO Port: 0x4008
[    0.000000] IOAPIC[0]: apic_id 2, version 32, address 0xfec00000, GSI 0-23
[    0.000000] ACPI: INT_SRC_OVR (bus 0 bus_irq 0 global_irq 2 dfl dfl)
[    0.000000] ACPI: INT_SRC_OVR (bus 0 bus_irq 9 global_irq 9 low level)
[    0.000000] Using ACPI (MADT) for SMP configuration information
[    0.000000] smpboot: Allowing 2 CPUs, 0 hotplug CPUs
[    0.000000] PM: Registered nosave memory: [mem 0x00000000-0x00000fff]
[    0.000000] PM: Registered nosave memory: [mem 0x0009f000-0x0009ffff]
[    0.000000] PM: Registered nosave memory: [mem 0x000a0000-0x000effff]
[    0.000000] PM: Registered nosave memory: [mem 0x000f0000-0x000fffff]
[    0.000000] e820: [mem 0x40000000-0xfebfffff] available for PCI devices
[    0.000000] Booting paravirtualized kernel on KVM
[    0.000000] clocksource: refined-jiffies: mask: 0xffffffff max_cycles: 0xffffffff, max_idle_ns: 7645519600211568 ns
[    0.000000] random: get_random_bytes called from start_kernel+0x99/0x500 with crng_init=0
[    0.000000] setup_percpu: NR_CPUS:8192 nr_cpumask_bits:2 nr_cpu_ids:2 nr_node_ids:1
[    0.000000] percpu: Embedded 50 pages/cpu s167936 r8192 d28672 u1048576
[    0.000000] PV qspinlock hash table entries: 256 (order: 0, 4096 bytes)
[    0.000000] Built 1 zonelists, mobility grouping on.  Total pages: 257913
[    0.000000] Policy zone: DMA32
[    0.000000] Kernel command line: BOOT_IMAGE=/boot/vmlinuz-4.15.0-187-generic root=LABEL=cloudimg-rootfs ro console=tty1 console=ttyS0
[    0.000000] Memory: 982644K/1048120K available (12300K kernel code, 2484K rwdata, 4324K rodata, 2468K init, 2724K bss, 65476K reserved, 0K cma-reserved)
[    0.000000] SLUB: HWalign=64, Order=0-3, MinObjects=0, CPUs=2, Nodes=1
[    0.000000] Kernel/User page tables isolation: enabled
[    0.000000] ftrace: allocating 39513 entries in 155 pages
[    0.004000] Hierarchical RCU implementation.
[    0.004000] 	RCU restricting CPUs from NR_CPUS=8192 to nr_cpu_ids=2.
[    0.004000] 	Tasks RCU enabled.
[    0.004000] RCU: Adjusting geometry for rcu_fanout_leaf=16, nr_cpu_ids=2
[    0.004000] NR_IRQS: 524544, nr_irqs: 440, preallocated irqs: 16
[    0.004000] Console: colour VGA+ 80x25
[    0.004000] console [tty1] enabled
[    0.004000] console [ttyS0] enabled
[    0.004000] ACPI: Core revision 20170831
[    0.004000] ACPI: 2 ACPI AML tables successfully acquired and loaded
[    0.004000] APIC: Switch to symmetric I/O mode setup
[    0.004000] x2apic enabled
[    0.004008] Switched APIC routing to physical x2apic.
[    0.007132] ..TIMER: vector=0x30 apic1=0 pin1=2 apic2=-1 pin2=-1
[    0.008003] tsc: Detected 1295.999 MHz processor
[    0.009353] Calibrating delay loop (skipped) preset value.. 2591.99 BogoMIPS (lpj=5183996)
[    0.012006] pid_max: default: 32768 minimum: 301
[    0.016062] Security Framework initialized
[    0.018085] Yama: becoming mindful.
[    0.020039] AppArmor: AppArmor initialized
[    0.024032] Dentry cache hash table entries: 131072 (order: 8, 1048576 bytes)
[    0.026338] Inode-cache hash table entries: 65536 (order: 7, 524288 bytes)
[    0.028024] Mount-cache hash table entries: 2048 (order: 2, 16384 bytes)
[    0.030014] Mountpoint-cache hash table entries: 2048 (order: 2, 16384 bytes)
[    0.032645] Last level iTLB entries: 4KB 64, 2MB 8, 4MB 8
[    0.036006] Last level dTLB entries: 4KB 64, 2MB 0, 4MB 0, 1GB 4
[    0.038250] Spectre V1 : Mitigation: usercopy/swapgs barriers and __user pointer sanitization
[    0.040003] Spectre V2 : Mitigation: Retpolines
[    0.041118] Spectre V2 : Spectre v2 / SpectreRSB mitigation: Filling RSB on context switch
[    0.044007] Speculative Store Bypass: Vulnerable
[    0.048114] MDS: Mitigation: Clear CPU buffers
[    0.049223] MMIO Stale Data: Mitigation: Clear CPU buffers
[    0.051167] SRBDS: Unknown: Dependent on hypervisor status
[    0.052169] Freeing SMP alternatives memory: 36K
[    0.165821] smpboot: CPU0: Intel(R) Core(TM) i5-7Y54 CPU @ 1.20GHz (family: 0x6, model: 0x8e, stepping: 0x9)
[    0.168000] Performance Events: unsupported p6 CPU model 142 no PMU driver, software events only.
[    0.168072] Hierarchical SRCU implementation.
[    0.172990] NMI watchdog: Perf event create on CPU 0 failed with -2
[    0.176009] NMI watchdog: Perf NMI watchdog permanently disabled
[    0.180576] smp: Bringing up secondary CPUs ...
[    0.184143] x86: Booting SMP configuration:
[    0.188038] .... node  #0, CPUs:      #1
[    0.004000] kvm-clock: cpu 1, msr 0:3ff44041, secondary cpu clock
[    0.195224] smp: Brought up 1 node, 2 CPUs
[    0.196013] smpboot: Max logical packages: 1
[    0.197843] smpboot: Total of 2 processors activated (5183.99 BogoMIPS)
[    0.200225] devtmpfs: initialized
[    0.201325] x86/mm: Memory block size: 128MB
[    0.204296] evm: security.selinux
[    0.205709] evm: security.SMACK64
[    0.206856] evm: security.SMACK64EXEC
[    0.208008] evm: security.SMACK64TRANSMUTE
[    0.210112] evm: security.SMACK64MMAP
[    0.212004] evm: security.apparmor
[    0.212981] evm: security.ima
[    0.216006] evm: security.capability
[    0.217493] clocksource: jiffies: mask: 0xffffffff max_cycles: 0xffffffff, max_idle_ns: 7645041785100000 ns
[    0.220029] futex hash table entries: 512 (order: 3, 32768 bytes)
[    0.224111] pinctrl core: initialized pinctrl subsystem
[    0.228191] RTC time: 22:16:02, date: 07/03/22
[    0.229854] NET: Registered protocol family 16
[    0.232133] audit: initializing netlink subsys (disabled)
[    0.236090] audit: type=2000 audit(1656886569.157:1): state=initialized audit_enabled=0 res=1
[    0.240017] cpuidle: using governor ladder
[    0.241521] cpuidle: using governor menu
[    0.243058] ACPI: bus type PCI registered
[    0.244012] acpiphp: ACPI Hot Plug PCI Controller Driver version: 0.5
[    0.246022] PCI: Using configuration type 1 for base access
[    0.253155] HugeTLB registered 2.00 MiB page size, pre-allocated 0 pages
[    0.256195] ACPI: Added _OSI(Module Device)
[    0.257750] ACPI: Added _OSI(Processor Device)
[    0.260007] ACPI: Added _OSI(3.0 _SCP Extensions)
[    0.262063] ACPI: Added _OSI(Processor Aggregator Device)
[    0.264027] ACPI: Added _OSI(Linux-Dell-Video)
[    0.266288] ACPI: Added _OSI(Linux-Lenovo-NV-HDMI-Audio)
[    0.268011] ACPI: Added _OSI(Linux-HPI-Hybrid-Graphics)
[    0.272381] ACPI: Executed 1 blocks of module-level executable AML code
[    0.280188] ACPI: Interpreter enabled
[    0.282078] ACPI: (supports S0 S5)
[    0.283832] ACPI: Using IOAPIC for interrupt routing
[    0.284309] PCI: Using host bridge windows from ACPI; if necessary, use "pci=nocrs" and report a bug
[    0.288304] ACPI: Enabled 2 GPEs in block 00 to 07
[    0.305893] ACPI: PCI Root Bridge [PCI0] (domain 0000 [bus 00-ff])
[    0.307846] acpi PNP0A03:00: _OSC: OS supports [ASPM ClockPM Segments MSI]
[    0.309156] acpi PNP0A03:00: _OSC: not requesting OS control; OS requires [ExtendedConfig ASPM ClockPM MSI]
[    0.312032] acpi PNP0A03:00: fail to add MMCONFIG information, can't access extended PCI configuration space under this bridge.
[    0.317189] PCI host bridge to bus 0000:00
[    0.320012] pci_bus 0000:00: root bus resource [io  0x0000-0x0cf7 window]
[    0.324011] pci_bus 0000:00: root bus resource [io  0x0d00-0xffff window]
[    0.327314] pci_bus 0000:00: root bus resource [mem 0x000a0000-0x000bffff window]
[    0.332016] pci_bus 0000:00: root bus resource [mem 0x40000000-0xfdffffff window]
[    0.334974] pci_bus 0000:00: root bus resource [bus 00-ff]
[    0.341917] pci 0000:00:01.1: legacy IDE quirk: reg 0x10: [io  0x01f0-0x01f7]
[    0.344013] pci 0000:00:01.1: legacy IDE quirk: reg 0x14: [io  0x03f6]
[    0.346466] pci 0000:00:01.1: legacy IDE quirk: reg 0x18: [io  0x0170-0x0177]
[    0.348011] pci 0000:00:01.1: legacy IDE quirk: reg 0x1c: [io  0x0376]
[    0.372863] pci 0000:00:07.0: quirk: [io  0x4000-0x403f] claimed by PIIX4 ACPI
[    0.376027] pci 0000:00:07.0: quirk: [io  0x4100-0x410f] claimed by PIIX4 SMB
[    0.384664] ACPI: PCI Interrupt Link [LNKA] (IRQs 5 9 10 *11)
[    0.388240] ACPI: PCI Interrupt Link [LNKB] (IRQs 5 9 *10 11)
[    0.390303] ACPI: PCI Interrupt Link [LNKC] (IRQs 5 *9 10 11)
[    0.392103] ACPI: PCI Interrupt Link [LNKD] (IRQs 5 9 10 *11)
[    0.393910] SCSI subsystem initialized
[    0.394911] pci 0000:00:02.0: vgaarb: setting as boot VGA device
[    0.394911] pci 0000:00:02.0: vgaarb: VGA device added: decodes=io+mem,owns=io+mem,locks=none
[    0.396012] pci 0000:00:02.0: vgaarb: bridge control possible
[    0.397495] vgaarb: loaded
[    0.398276] ACPI: bus type USB registered
[    0.400032] usbcore: registered new interface driver usbfs
[    0.401375] usbcore: registered new interface driver hub
[    0.403819] usbcore: registered new device driver usb
[    0.404101] EDAC MC: Ver: 3.0.0
[    0.408462] PCI: Using ACPI for IRQ routing
[    0.410441] NetLabel: Initializing
[    0.412008] NetLabel:  domain hash size = 128
[    0.413842] NetLabel:  protocols = UNLABELED CIPSOv4 CALIPSO
[    0.416028] NetLabel:  unlabeled traffic allowed by default
[    0.420186] clocksource: Switched to clocksource kvm-clock
[    0.442639] VFS: Disk quotas dquot_6.6.0
[    0.444806] VFS: Dquot-cache hash table entries: 512 (order 0, 4096 bytes)
[    0.447591] AppArmor: AppArmor Filesystem Enabled
[    0.449921] pnp: PnP ACPI init
[    0.453996] pnp: PnP ACPI: found 3 devices
[    0.470269] clocksource: acpi_pm: mask: 0xffffff max_cycles: 0xffffff, max_idle_ns: 2085701024 ns
[    0.478127] NET: Registered protocol family 2
[    0.480356] IP idents hash table entries: 16384 (order: 5, 131072 bytes)
[    0.485809] TCP established hash table entries: 8192 (order: 4, 65536 bytes)
[    0.488897] TCP bind hash table entries: 8192 (order: 5, 131072 bytes)
[    0.497481] TCP: Hash tables configured (established 8192 bind 8192)
[    0.501007] UDP hash table entries: 512 (order: 2, 16384 bytes)
[    0.503131] UDP-Lite hash table entries: 512 (order: 2, 16384 bytes)
[    0.505812] NET: Registered protocol family 1
[    0.512303] pci 0000:00:00.0: Limiting direct PCI/PCI transfers
[    0.515004] pci 0000:00:01.0: Activating ISA DMA hang workarounds
[    0.518384] pci 0000:00:02.0: Video device with shadowed ROM at [mem 0x000c0000-0x000dffff]
[    0.521324] Unpacking initramfs...
[    0.997441] Freeing initrd memory: 19532K
[    1.000985] clocksource: tsc: mask: 0xffffffffffffffff max_cycles: 0x12ae5a60723, max_idle_ns: 440795217981 ns
[    1.006979] platform rtc_cmos: registered platform RTC device (no PNP device found)
[    1.013648] Scanning for low memory corruption every 60 seconds
[    1.018762] Initialise system trusted keyrings
[    1.021106] Key type blacklist registered
[    1.024919] workingset: timestamp_bits=36 max_order=18 bucket_order=0
[    1.029550] zbud: loaded
[    1.032382] squashfs: version 4.0 (2009/01/31) Phillip Lougher
[    1.035380] fuse init (API version 7.26)
[    1.045185] Key type asymmetric registered
[    1.047263] Asymmetric key parser 'x509' registered
[    1.049646] Block layer SCSI generic (bsg) driver version 0.4 loaded (major 246)
[    1.052132] io scheduler noop registered
[    1.054126] io scheduler deadline registered
[    1.058153] io scheduler cfq registered (default)
[    1.061687] ACPI: AC Adapter [AC] (off-line)
[    1.064288] input: Power Button as /devices/LNXSYSTM:00/LNXPWRBN:00/input/input0
[    1.067409] ACPI: Power Button [PWRF]
[    1.068918] input: Sleep Button as /devices/LNXSYSTM:00/LNXSLPBN:00/input/input1
[    1.072546] ACPI: Sleep Button [SLPF]
[    1.077497] Serial: 8250/16550 driver, 32 ports, IRQ sharing enabled
[    1.103451] 00:02: ttyS0 at I/O 0x3f8 (irq = 4, base_baud = 115200) is a 16550A
[    1.111853] ACPI: Battery Slot [BAT0] (battery present)
[    1.112927] Linux agpgart interface v0.103
[    1.120345] loop: module loaded
[    1.128328] scsi host0: ata_piix
[    1.131532] scsi host1: ata_piix
[    1.134564] ata1: PATA max UDMA/33 cmd 0x1f0 ctl 0x3f6 bmdma 0xd000 irq 14
[    1.138578] ata2: PATA max UDMA/33 cmd 0x170 ctl 0x376 bmdma 0xd008 irq 15
[    1.144330] tun: Universal TUN/TAP device driver, 1.6
[    1.148256] PPP generic driver version 2.4.2
[    1.151832] ehci_hcd: USB 2.0 'Enhanced' Host Controller (EHCI) Driver
[    1.154627] ehci-pci: EHCI PCI platform driver
[    1.156910] ehci-platform: EHCI generic platform driver
[    1.163833] ohci_hcd: USB 1.1 'Open' Host Controller (OHCI) Driver
[    1.166266] ohci-pci: OHCI PCI platform driver
[    1.170094] ohci-platform: OHCI generic platform driver
[    1.172666] uhci_hcd: USB Universal Host Controller Interface driver
[    1.180120] i8042: PNP: PS/2 Controller [PNP0303:PS2K,PNP0f03:PS2M] at 0x60,0x64 irq 1,12
[    1.185673] serio: i8042 KBD port at 0x60,0x64 irq 1
[    1.187559] serio: i8042 AUX port at 0x60,0x64 irq 12
[    1.189673] mousedev: PS/2 mouse device common for all mice
[    1.197826] input: AT Translated Set 2 keyboard as /devices/platform/i8042/serio0/input/input2
[    1.202532] rtc_cmos rtc_cmos: rtc core: registered rtc_cmos as rtc0
[    1.206037] rtc_cmos rtc_cmos: alarms up to one day, 114 bytes nvram
[    1.210654] i2c /dev entries driver
[    1.211954] device-mapper: uevent: version 1.0.3
[    1.214180] device-mapper: ioctl: 4.37.0-ioctl (2017-09-20) initialised: dm-devel@redhat.com
[    1.217458] ledtrig-cpu: registered to indicate activity on CPUs
[    1.220614] NET: Registered protocol family 10
[    1.229086] Segment Routing with IPv6
[    1.230751] NET: Registered protocol family 17
[    1.232800] Key type dns_resolver registered
[    1.234788] mce: Using 0 MCE banks
[    1.236006] RAS: Correctable Errors collector initialized.
[    1.237437] sched_clock: Marking stable (1237405857, 0)->(1524198174, -286792317)
[    1.240721] registered taskstats version 1
[    1.242521] Loading compiled-in X.509 certificates
[    1.246807] Loaded X.509 cert 'Build time autogenerated kernel key: 979a73de01c113c656ad15d85e66cc9cfc8996b6'
[    1.251196] Loaded X.509 cert 'Canonical Ltd. Live Patch Signing: 14df34d1a87cf37625abec039ef2bf521249b969'
[    1.255465] Loaded X.509 cert 'Canonical Ltd. Kernel Module Signing: 88f752e560a1e0737e31163a466ad7b70a850c19'
[    1.258553] blacklist: Loading compiled-in revocation X.509 certificates
[    1.260333] Loaded X.509 cert 'Canonical Ltd. Secure Boot Signing: 61482aa2830d0ab2ad5af10b7250da9033ddcef0'
[    1.262781] zswap: loaded using pool lzo/zbud
[    1.268421] Key type big_key registered
[    1.269422] Key type trusted registered
[    1.272957] Key type encrypted registered
[    1.274654] AppArmor: AppArmor sha1 policy hashing enabled
[    1.275997] ima: No TPM chip found, activating TPM-bypass! (rc=-19)
[    1.277546] ima: Allocated hash algorithm: sha1
[    1.278671] evm: HMAC attrs: 0x1
[    1.280406]   Magic number: 14:285:299
[    1.281446] rtc_cmos rtc_cmos: setting system clock to 2022-07-03 22:16:03 UTC (1656886563)
[    1.284787] BIOS EDD facility v0.16 2004-Jun-25, 0 devices found
[    1.287524] EDD information not available.
[    1.398841] Freeing unused kernel image memory: 2468K
[    1.412255] Write protecting the kernel read-only data: 20480k
[    1.415471] Freeing unused kernel image memory: 2008K
[    1.418017] Freeing unused kernel image memory: 1820K
[    1.429396] x86/mm: Checked W+X mappings: passed, no W+X pages found.
[    1.431485] x86/mm: Checking user space page tables
[    1.442278] x86/mm: Checked W+X mappings: passed, no W+X pages found.
Loading, please wait...
starting version 237
[    1.527204] e1000: Intel(R) PRO/1000 Network Driver - version 7.3.21-k8-NAPI
[    1.530912] e1000: Copyright (c) 1999-2006 Intel Corporation.
[    1.559001] Fusion MPT base driver 3.04.20
[    1.560124] Copyright (c) 1999-2008 LSI Corporation
[    1.565959] AVX2 version of gcm_enc/dec engaged.
[    1.572820] AES CTR mode by8 optimization enabled
[    1.586728] Fusion MPT SPI Host driver 3.04.20
[    1.758621] input: ImExPS/2 Generic Explorer Mouse as /devices/platform/i8042/serio1/input/input4
[    2.215089] e1000 0000:00:03.0 eth0: (PCI:33MHz:32-bit) 02:77:ed:63:d5:e3
[    2.219545] e1000 0000:00:03.0 eth0: Intel(R) PRO/1000 Network Connection
[    2.238453] mptbase: ioc0: Initiating bringup
[    2.239167] e1000 0000:00:03.0 enp0s3: renamed from eth0
[    2.572604] ioc0: LSI53C1030 A0: Capabilities={Initiator}
[    5.184305] scsi host2: ioc0: LSI53C1030 A0, FwRev=00000000h, Ports=1, MaxQ=256, IRQ=20
[    8.033614] scsi 2:0:0:0: Direct-Access     VBOX     HARDDISK         1.0  PQ: 0 ANSI: 5
[    8.068479] scsi target2:0:0: Beginning Domain Validation
[    8.074856] scsi target2:0:0: Domain Validation skipping write tests
[    8.078028] scsi target2:0:0: Ending Domain Validation
[    8.080713] scsi target2:0:0: asynchronous
[    8.083749] scsi 2:0:1:0: Direct-Access     VBOX     HARDDISK         1.0  PQ: 0 ANSI: 5
[    8.116315] scsi target2:0:1: Beginning Domain Validation
[    8.120261] random: fast init done
[    8.122321] scsi target2:0:1: Domain Validation skipping write tests
[    8.124458] scsi target2:0:1: Ending Domain Validation
[    8.126433] scsi target2:0:1: asynchronous
[    8.133691] random: systemd-udevd: uninitialized urandom read (16 bytes read)
[    8.136637] sd 2:0:0:0: Attached scsi generic sg0 type 0
[    8.136657] random: systemd-udevd: uninitialized urandom read (16 bytes read)
[    8.142725] random: systemd-udevd: uninitialized urandom read (16 bytes read)
[    8.146536] sd 2:0:1:0: Attached scsi generic sg1 type 0
[    8.146674] sd 2:0:0:0: [sda] 83886080 512-byte logical blocks: (42.9 GB/40.0 GiB)
[    8.165933] sd 2:0:0:0: [sda] Write Protect is off
[    8.166010] sd 2:0:1:0: [sdb] 20480 512-byte logical blocks: (10.5 MB/10.0 MiB)
[    8.185823] sd 2:0:0:0: [sda] Incomplete mode parameter data
[    8.191050] sd 2:0:0:0: [sda] Assuming drive cache: write through
[    8.191077] sd 2:0:1:0: [sdb] Write Protect is off
[    8.206022]  sda: sda1
[    8.209211] sd 2:0:1:0: [sdb] Incomplete mode parameter data
[    8.210975] sd 2:0:0:0: [sda] Attached SCSI disk
[    8.212980] sd 2:0:1:0: [sdb] Assuming drive cache: write through
[    8.220802] sd 2:0:1:0: [sdb] Attached SCSI disk
Begin: Loading essential drivers ... [    9.884118] raid6: sse2x1   gen() 10404 MB/s
[    9.932166] raid6: sse2x1   xor()  7323 MB/s
[    9.980144] raid6: sse2x2   gen() 12221 MB/s
[   10.028134] raid6: sse2x2   xor()  7843 MB/s
[   10.076204] raid6: sse2x4   gen()  8832 MB/s
[   10.124199] raid6: sse2x4   xor()  3846 MB/s
[   10.172143] raid6: avx2x1   gen() 12713 MB/s
[   10.220112] raid6: avx2x1   xor() 13468 MB/s
[   10.283367] raid6: avx2x2   gen() 17578 MB/s
[   10.340112] raid6: avx2x2   xor() 14337 MB/s
[   10.388155] raid6: avx2x4   gen() 15286 MB/s
[   10.436177] raid6: avx2x4   xor()  7150 MB/s
[   10.439052] raid6: using algorithm avx2x2 gen() 17578 MB/s
[   10.441645] raid6: .... xor() 14337 MB/s, rmw enabled
[   10.444899] raid6: using avx2x2 recovery algorithm
[   10.448154] xor: automatically using best checksumming function   avx       
[   10.452857] async_tx: api initialized (async)
done.
Begin: Running /scripts/init-premount ... done.
Begin: Mounting root file system ... Begin: Running /scripts/local-top ... done.
Begin: Running /scripts/local-premount ... [   10.529003] Btrfs loaded, crc32c=crc32c-intel
Scanning for Btrfs filesystems
done.
Warning: fsck not present, so skipping root file system
[   10.593782] EXT4-fs (sda1): mounted filesystem with ordered data mode. Opts: (null)
done.
Begin: Running /scripts/local-bottom ... done.
Begin: Running /scripts/init-bottom ... done.
[   10.979626] ip_tables: (C) 2000-2006 Netfilter Core Team
[   11.000417] systemd[1]: systemd 237 running in system mode. (+PAM +AUDIT +SELINUX +IMA +APPARMOR +SMACK +SYSVINIT +UTMP +LIBCRYPTSETUP +GCRYPT +GNUTLS +ACL +XZ +LZ4 +SECCOMP +BLKID +ELFUTILS +KMOD -IDN2 +IDN -PCRE2 default-hierarchy=hybrid)
[   11.007715] systemd[1]: Detected virtualization oracle.
[   11.010179] systemd[1]: Detected architecture x86-64.

Welcome to [1mUbuntu 18.04.6 LTS[0m!

[   11.022113] systemd[1]: Set hostname to <ubuntu>.
[   11.030627] systemd[1]: Initializing machine ID from random generator.
[   11.034266] systemd[1]: Installed transient /etc/machine-id file.
[   11.641106] systemd[1]: Created slice System Slice.
[[0;32m  OK  [0m] Created slice System Slice.
[   11.644377] systemd[1]: Listening on LVM2 poll daemon socket.
[[0;32m  OK  [0m] Listening on LVM2 poll daemon socket.
[   11.647214] systemd[1]: Listening on Syslog Socket.
[[0;32m  OK  [0m] Listening on Syslog Socket.
[   11.650607] systemd[1]: Created slice User and Session Slice.
[[0;32m  OK  [0m] Created slice User and Session Slice.
[[0;32m  OK  [0m] Listening on LVM2 metadata daemon socket.
[[0;32m  OK  [0m] Listening on udev Control Socket.
[[0;32m  OK  [0m] Reached target Slices.
[[0;32m  OK  [0m] Listening on udev Kernel Socket.
[[0;32m  OK  [0m] Listening on Network Service Netlink Socket.
[[0;32m  OK  [0m] Listening on Journal Socket.
         Starting Load Kernel Modules...
         Starting Set the console keyboard layout...
         Starting udev Coldplug all Devices...
[   11.706483] Loading iSCSI transport class v2.0-870.
         Mounting Huge Pages File System...
[   11.716448] iscsi: registered transport (tcp)
         Starting Create list of required st…ce nodes for the current kernel...
         Mounting Kernel Debug File System...
[[0;32m  OK  [0m] Started Forward Password Requests to Wall Directory Watch.
[[0;32m  OK  [0m] Reached target User and Group Name Lookups.
         Starting Uncomplicated firewall...
[[0;32m  OK  [0m] Listening on Journal Socket (/dev/log).
[   11.741107] iscsi: registered transport (iser)
[[0;32m  OK  [0m] Created slice system-serial\x2dgetty.slice.
[[0;32m  OK  [0m] Listening on Device-mapper event daemon FIFOs.
         Starting Monitoring of LVM2 mirrors…ng dmeventd or progress polling...
[[0;32m  OK  [0m] Listening on fsck to fsckd communication Socket.
         Starting File System Check on Root Device...
[[0;32m  OK  [0m] Reached target Swap.
         Mounting POSIX Message Queue File System...
[[0;32m  OK  [0m] Reached target System Time Synchronized.
[[0;32m  OK  [0m] Listening on /dev/initctl Compatibility Named Pipe.
[[0;32m  OK  [0m] Listening on Journal Audit Socket.
         Starting Journal Service...
[[0;32m  OK  [0m] Set up automount Arbitrary Executab…rmats File System Automount Point.
[[0;32m  OK  [0m] Started Load Kernel Modules.
[[0;32m  OK  [0m] Mounted Huge Pages File System.
[[0;32m  OK  [0m] Started Create list of required sta…vice nodes for the current kernel.
[[0;32m  OK  [0m] Mounted Kernel Debug File System.
[[0;32m  OK  [0m] Started Uncomplicated firewall.
[[0;32m  OK  [0m] Mounted POSIX Message Queue File System.
[[0;32m  OK  [0m] Started File System Check Daemon to report status.
         Starting Create Static Device Nodes in /dev...
         Starting Apply Kernel Variables...
         Mounting FUSE Control File System...
         Mounting Kernel Configuration File System...
[[0;32m  OK  [0m] Started Journal Service.
[[0;32m  OK  [0m] Mounted Kernel Configuration File System.
[[0;32m  OK  [0m] Mounted FUSE Control File System.
[[0;32m  OK  [0m] Started udev Coldplug all Devices.
[[0;32m  OK  [0m] Started LVM2 metadata daemon.
[[0;32m  OK  [0m] Started Create Static Device Nodes in /dev.
[[0;32m  OK  [0m] Started File System Check on Root Device.
         Starting Remount Root and Kernel File Systems...
[[0;32m  OK  [0m] Started Apply Kernel Variables.
[[0;32m  OK  [0m] Started Remount Root and Kernel File Systems.
         Starting udev Kernel Device Manager...
         Starting Load/Save Random Seed...
         Starting Flush Journal to Persistent Storage...
[[0;32m  OK  [0m] Started Monitoring of LVM2 mirrors,…sing dmeventd or progress polling.
[[0;32m  OK  [0m] Started Load/Save Random Seed.
[[0;32m  OK  [0m] Started udev Kernel Device Manager.
[[0;32m  OK  [0m] Started Flush Journal to Persistent Storage.
[[0;32m  OK  [0m] Found device /dev/ttyS0.
[[0;32m  OK  [0m] Listening on Load/Save RF Kill Switch Status /dev/rfkill Watch.
[[0;32m  OK  [0m] Started Set the console keyboard layout.
[[0;32m  OK  [0m] Reached target Local File Systems (Pre).
[[0;32m  OK  [0m] Reached target Local File Systems.
         Starting ebtables ruleset management...
         Starting AppArmor initialization...
         Starting Commit a transient machine-id on disk...
         Starting Tell Plymouth To Write Out Runtime Data...
         Starting Set console font and keymap...
         Starting Create Volatile Files and Directories...
[[0;32m  OK  [0m] Started Dispatch Password Requests to Console Directory Watch.
[[0;32m  OK  [0m] Reached target Local Encrypted Volumes.
[[0;32m  OK  [0m] Started Tell Plymouth To Write Out Runtime Data.
[[0;32m  OK  [0m] Started Commit a transient machine-id on disk.
[[0;32m  OK  [0m] Started Create Volatile Files and Directories.
         Starting Update UTMP about System Boot/Shutdown...
[[0;32m  OK  [0m] Started Update UTMP about System Boot/Shutdown.
[[0;32m  OK  [0m] Started ebtables ruleset management.
[[0;32m  OK  [0m] Started AppArmor initialization.
         Starting Initial cloud-init job (pre-networking)...
         Starting Load AppArmor profiles managed internally by snapd...
[[0;32m  OK  [0m] Started Load AppArmor profiles managed internally by snapd.
[[0;32m  OK  [0m] Started Set console font and keymap.
[   17.794671] cloud-init[771]: Cloud-init v. 22.2-0ubuntu1~18.04.2 running 'init-local' at Sun, 03 Jul 2022 22:16:19 +0000. Up 17.33 seconds.
[[0;32m  OK  [0m] Started Initial cloud-init job (pre-networking).
[[0;32m  OK  [0m] Reached target Network (Pre).
         Starting Network Service...
[[0;32m  OK  [0m] Started Network Service.
         Starting Network Name Resolution...
         Starting Wait for Network to be Configured...
[[0;32m  OK  [0m] Started Network Name Resolution.
[[0;32m  OK  [0m] Reached target Host and Network Name Lookups.
[[0;32m  OK  [0m] Reached target Network.
[[0;32m  OK  [0m] Started Wait for Network to be Configured.
         Starting Initial cloud-init job (metadata service crawler)...
[   20.488809] cloud-init[887]: Cloud-init v. 22.2-0ubuntu1~18.04.2 running 'init' at Sun, 03 Jul 2022 22:16:22 +0000. Up 20.29 seconds.
[   20.500403] cloud-init[887]: ci-info: ++++++++++++++++++++++++++++++++++++++Net device info++++++++++++++++++++++++++++++++++++++
[   20.503368] cloud-init[887]: ci-info: +--------+------+----------------------------+---------------+--------+-------------------+
[   20.507919] cloud-init[887]: ci-info: | Device |  Up  |          Address           |      Mask     | Scope  |     Hw-Address    |
[   20.510816] cloud-init[887]: ci-info: +--------+------+----------------------------+---------------+--------+-------------------+
[   20.514855] cloud-init[887]: ci-info: | enp0s3 | True |         10.0.2.15          | 255.255.255.0 | global | 02:77:ed:63:d5:e3 |
[   20.517590] cloud-init[887]: ci-info: | enp0s3 | True | fe80::77:edff:fe63:d5e3/64 |       .       |  link  | 02:77:ed:63:d5:e3 |
[   20.520838] cloud-init[887]: ci-info: |   lo   | True |         127.0.0.1          |   255.0.0.0   |  host  |         .         |
[   20.524318] cloud-init[887]: ci-info: |   lo   | True |          ::1/128           |       .       |  host  |         .         |
[   20.527035] cloud-init[887]: ci-info: +--------+------+----------------------------+---------------+--------+-------------------+
[   20.530192] cloud-init[887]: ci-info: ++++++++++++++++++++++++++++Route IPv4 info+++++++++++++++++++++++++++++
[   20.533109] cloud-init[887]: ci-info: +-------+-------------+----------+-----------------+-----------+-------+
[   20.535600] cloud-init[887]: ci-info: | Route | Destination | Gateway  |     Genmask     | Interface | Flags |
[   20.539565] cloud-init[887]: ci-info: +-------+-------------+----------+-----------------+-----------+-------+
[   20.542624] cloud-init[887]: ci-info: |   0   |   0.0.0.0   | 10.0.2.2 |     0.0.0.0     |   enp0s3  |   UG  |
[   20.545755] cloud-init[887]: ci-info: |   1   |   10.0.2.0  | 0.0.0.0  |  255.255.255.0  |   enp0s3  |   U   |
[   20.548680] cloud-init[887]: ci-info: |   2   |   10.0.2.2  | 0.0.0.0  | 255.255.255.255 |   enp0s3  |   UH  |
[   20.550764] cloud-init[887]: ci-info: +-------+-------------+----------+-----------------+-----------+-------+
[   20.553553] cloud-init[887]: ci-info: +++++++++++++++++++Route IPv6 info+++++++++++++++++++
[   20.556359] cloud-init[887]: ci-info: +-------+-------------+---------+-----------+-------+
[   20.558978] cloud-init[887]: ci-info: | Route | Destination | Gateway | Interface | Flags |
[   20.561108] cloud-init[887]: ci-info: +-------+-------------+---------+-----------+-------+
[   20.563196] cloud-init[887]: ci-info: |   1   |  fe80::/64  |    ::   |   enp0s3  |   U   |
[   20.565587] cloud-init[887]: ci-info: |   3   |    local    |    ::   |   enp0s3  |   U   |
[   20.567484] cloud-init[887]: ci-info: |   4   |   ff00::/8  |    ::   |   enp0s3  |   U   |
[   20.568866] cloud-init[887]: ci-info: +-------+-------------+---------+-----------+-------+
[   21.675624] cloud-init[887]: Generating public/private rsa key pair.
[   21.678520] cloud-init[887]: Your identification has been saved in /etc/ssh/ssh_host_rsa_key.
[   21.682317] cloud-init[887]: Your public key has been saved in /etc/ssh/ssh_host_rsa_key.pub.
[   21.685071] cloud-init[887]: The key fingerprint is:
[   21.686916] cloud-init[887]: SHA256:T2m6FELuAza2uwXR3iM4Qg7mB2Iyz57kfr0BYPfpPU0 root@ubuntu-bionic
[   21.689546] cloud-init[887]: The key's randomart image is:
[   21.691125] cloud-init[887]: +---[RSA 2048]----+
[   21.692999] cloud-init[887]: |                 |
[   21.694600] cloud-init[887]: |     .           |
[   21.695814] cloud-init[887]: |=++ o o          |
[   21.697605] cloud-init[887]: |*O.o B o   .     |
[   21.699984] cloud-init[887]: | .*.X B S E      |
[   21.701754] cloud-init[887]: | +.= X + X       |
[   21.703978] cloud-init[887]: |  + ..* = o      |
[   21.705501] cloud-init[887]: | .  .o.+ o       |
[   21.707593] cloud-init[887]: |  ..o....        |
[   21.709222] cloud-init[887]: +----[SHA256]-----+
[   21.711077] cloud-init[887]: Generating public/private dsa key pair.
[   21.713620] cloud-init[887]: Your identification has been saved in /etc/ssh/ssh_host_dsa_key.
[   21.716451] cloud-init[887]: Your public key has been saved in /etc/ssh/ssh_host_dsa_key.pub.
[   21.718530] cloud-init[887]: The key fingerprint is:
[   21.719842] cloud-init[887]: SHA256:/X/5zBGx+3o+ZrTbTQVt9N1TOZih7Z+u0NlGlocjVuA root@ubuntu-bionic
[   21.723408] cloud-init[887]: The key's randomart image is:
[   21.725153] cloud-init[887]: +---[DSA 1024]----+
[   21.726745] cloud-init[887]: |            ..+ +|
[   21.728000] cloud-init[887]: |           .o+ ==|
[   21.729489] cloud-init[887]: |           .E.ooB|
[   21.730756] cloud-init[887]: |         .  .. +=|
[   21.733035] cloud-init[887]: |        S . o.o*o|
[   21.735355] cloud-init[887]: |           o..*o*|
[   21.739396] cloud-init[887]: |           ..o.B+|
[   21.742892] cloud-init[887]: |            ..oXB|
[   21.756414] cloud-init[887]: |             .*B%|
[   21.760491] cloud-init[887]: +----[SHA256]-----+
[   21.768968] cloud-init[887]: Generating public/private ecdsa key pair.
[   21.773177] cloud-init[887]: Your identification has been saved in /etc/ssh/ssh_host_ecdsa_key.
[   21.780374] cloud-init[887]: Your public key has been saved in /etc/ssh/ssh_host_ecdsa_key.pub.
[   21.784524] cloud-init[887]: The key fingerprint is:
[   21.786800] cloud-init[887]: SHA256:XL/kG4mMgfIUQ9srX/A2xeMzatEeBiKTjYuec252hro root@ubuntu-bionic
[   21.798811] cloud-init[887]: The key's randomart image is:
[   21.800775] cloud-init[887]: +---[ECDSA 256]---+
[   21.804339] cloud-init[887]: |      .          |
[   21.806042] cloud-init[887]: |     . *   .     |
[   21.808041] cloud-init[887]: |      O = o +    |[[0;32m  OK  [0m] Started Initial cloud-init job (metadata service crawler).
[[0;32m  OK  [0m] Reached target Network is Online.

[   21.818805] cloud-init[887]: |     . O * * .   |
[   21.821415] cloud-init[887]: |    o = S * X    |
         Starting Availability of block devices...
[[0;32m  OK  [0m] Reached target Remote File Systems (Pre).
[[0;32m  OK  [0m] Reached target Remote File Systems.
[[0;32m  OK  [0m] Reached target Cloud-config availability.
[[0;32m  OK  [0m] Reached target System Initialization.
[   21.829866] [[0;32m  OK  [0m] Started Discard unused blocks once a week.
[[0;32m  OK  [0m] Listening on UUID daemon activation socket.
[[0;32m  OK  [0m] Started ACPI Events Check.
[[0;32m  OK  [0m] Listening on ACPID Listen Socket.
[[0;32m  OK  [0m] Started Ubuntu Advantage Timer for running repeated jobs.
[[0;32m  OK  [0m] Listening on Open-iSCSI iscsid Socket.
[[0;32m  OK  [0m] Started Daily Cleanup of Temporary Directories.
[[0;32m  OK  [0m] Listening on cloud-init hotplug hook socket.
         Starting Socket activation for snappy daemon.
[[0;32m  OK  [0m] Started Daily apt download activities.
[[0;32m  OK  [0m] Started Daily apt upgrade and clean activities.
[[0;32m  OK  [0m] Listening on D-Bus System Message Bus Socket.
         Starting LXD - unix socket.
[[0;32m  OK  [0m] Started Trigger to poll for Ubuntu …(Only enabled on GCP LTS non-pro).
[[0;32m  OK  [0m] Reached target Paths.
[[0;32m  OK  [0m] Started Message of the Day.
[[0;32m  OK  [0m] Reached target Timers.
[[0;32m  OK  [0m] Started Availability of block devices.
[[0;32m  OK  [0m] Listening on LXD - unix socket.
cloud-init[887]: |   . = o * X *   |
[   21.916391] cloud-init[887]: |    + o.o = *    |
[   21.917854] cloud-init[887]: |     ++ o.   o   |
[[0;32m  OK  [0m[   21.919280] cloud-init[887]: |    E=.o    .    |
[   21.919711] cloud-init[887]: +----[SHA256]-----+
[   21.921182] cloud-init[887]: Generating public/private ed25519 key pair.
[   21.922275] cloud-init[887]: Your identification has been saved in /etc/ssh/ssh_host_ed25519_key.
[   21.922817] cloud-init[887]: Your public key has been saved in /etc/ssh/ssh_host_ed25519_key.pub.
[   21.922879] cloud-init[887]: The key fingerprint is:
] Listening on Socket activation for snappy daemon.[   21.928906] cloud-init[887]: SHA256:3FscxAwEtCvakpi2Zl3dcUR1/+/As+6M+bU0iBotESY root@ubuntu-bionic

[   21.934433] cloud-init[887]: The key's randomart image is:
[[   21.939915] [0;32m  OK  [0mcloud-init] [887]: Reached target Sockets.+--[ED25519 256]--+

[[0;32m  OK  [0m] Reached target Basic System.
[[0;32m  OK  [0m] Started D-Bus System Message Bus.
[   21.940001] cloud-init[887]: |       .ooo=o.. .|
[   21.956717] cloud-init[887]: |         . .+  ..|
[   21.958175] cloud-init[887]: |       E.o ..   .|
[   21.960236] cloud-init[887]: |       .ooo...  .|
[   21.962029] cloud-init[887]: |      ..So.oo   .|
[   21.963600] cloud-init[887]: |   o +... +o... .|
[   21.966505] cloud-init[887]: |  +.+..  o.o .+oo|
[   21.967362] cloud-init[887]: | .o...    +  +.*o|
[   21.969158] cloud-init[887]: | o.      .  o+*..|
[   21.971224] cloud-init[887]: +----[SHA256]-----+
         Starting Pollinate to seed the pseudo random number generator...
         Starting Dispatcher daemon for systemd-networkd...
         Starting System Logging Service...
         Starting Permit User Sessions...
[[0;32m  OK  [0m] Started Regular background program processing daemon.
         Starting LSB: automatic crash report generation...
         Starting LXD - container startup/shutdown...
         Starting Virtualbox guest utils...
[[0;32m  OK  [0m] Started irqbalance daemon.
[[0;32m  OK  [0m] Started Deferred execution scheduler.
         Starting Login Service...
[[0;32m  OK  [0m] Started FUSE filesystem for LXC.
         Starting Accounts Service...
         Starting LSB: Record successful boot for GRUB...
         Starting Snap Daemon...
[[0;32m  OK  [0m] Started System Logging Service.
[[0;32m  OK  [0m] Started Permit User Sessions.
         Starting Terminate Plymouth Boot Screen...
         Starting Hold until boot process finishes up...
[[0;32m  OK  [0m] Started Terminate Plymouth Boot Screen.
[[0;32m  OK  [0m] Started Hold until boot process finishes up.
[[0;32m  OK  [0m] Started Login Service.
[[0;32m  OK  [0m] Started LSB: automatic crash report generation.
         Starting Authorization Manager...
[[0;32m  OK  [0m] Started Unattended Upgrades Shutdown.
         Starting Set console scheme...
[[0;32m  OK  [0m] Started Serial Getty on ttyS0.
[[0;32m  OK  [0m] Started Set console scheme.
[[0;32m  OK  [0m] Created slice system-getty.slice.
[[0;32m  OK  [0m] Started Getty on tty1.
[[0;32m  OK  [0m] Reached target Login Prompts.
[[0;32m  OK  [0m] Started LXD - container startup/shutdown.
[[0;32m  OK  [0m] Started LSB: Record successful boot for GRUB.
[[0;32m  OK  [0m] Started Authorization Manager.
[[0;32m  OK  [0m] Started Accounts Service.
[[0;32m  OK  [0m] Started Virtualbox guest utils.
[[0;32m  OK  [0m] Started Dispatcher daemon for systemd-networkd.
[[0;32m  OK  [0m] Started Snap Daemon.
         Starting Wait until snapd is fully seeded...
         Starting Time & Date Service...
[[0;32m  OK  [0m] Started Time & Date Service.
[[0;32m  OK  [0m] Started Pollinate to seed the pseudo random number generator.
         Starting OpenBSD Secure Shell server...
[[0;32m  OK  [0m] Started OpenBSD Secure Shell server.
[[0;32m  OK  [0m] Created slice User Slice of vagrant.
         Starting User Manager for UID 1000...
[[0;32m  OK  [0m] Started Session 1 of user vagrant.
[[0;32m  OK  [0m] Started User Manager for UID 1000.

Ubuntu 18.04.6 LTS ubuntu-bionic ttyS0

ubuntu-bionic login: [   31.357543] cloud-init[1471]: Cloud-init v. 22.2-0ubuntu1~18.04.2 running 'modules:config' at Sun, 03 Jul 2022 22:16:32 +0000. Up 29.86 seconds.
ci-info: no authorized SSH keys fingerprints found for user ubuntu.
<14>Jul  3 22:16:35 cloud-init: #############################################################
<14>Jul  3 22:16:35 cloud-init: -----BEGIN SSH HOST KEY FINGERPRINTS-----
<14>Jul  3 22:16:35 cloud-init: 1024 SHA256:/X/5zBGx+3o+ZrTbTQVt9N1TOZih7Z+u0NlGlocjVuA root@ubuntu-bionic (DSA)
<14>Jul  3 22:16:35 cloud-init: 256 SHA256:XL/kG4mMgfIUQ9srX/A2xeMzatEeBiKTjYuec252hro root@ubuntu-bionic (ECDSA)
<14>Jul  3 22:16:35 cloud-init: 256 SHA256:3FscxAwEtCvakpi2Zl3dcUR1/+/As+6M+bU0iBotESY root@ubuntu-bionic (ED25519)
<14>Jul  3 22:16:35 cloud-init: 2048 SHA256:T2m6FELuAza2uwXR3iM4Qg7mB2Iyz57kfr0BYPfpPU0 root@ubuntu-bionic (RSA)
<14>Jul  3 22:16:35 cloud-init: -----END SSH HOST KEY FINGERPRINTS-----
<14>Jul  3 22:16:35 cloud-init: #############################################################
-----BEGIN SSH HOST KEY KEYS-----
ecdsa-sha2-nistp256 AAAAE2VjZHNhLXNoYTItbmlzdHAyNTYAAAAIbmlzdHAyNTYAAABBBLx3FxMK/WY0idl8OeoA7EFTGUr6sFAP7nI5rK9kVbZmHb9TStWutohFYuGRxbpJyohGIDFeFxAMFOHx76BaOSs= root@ubuntu-bionic
ssh-ed25519 AAAAC3NzaC1lZDI1NTE5AAAAIEjgU1G5PE/NZIg077a8WYirRuczgczPLa9fqjt1iI0R root@ubuntu-bionic
ssh-rsa AAAAB3NzaC1yc2EAAAADAQABAAABAQDUovb9ZZek3BCj2+bGeS+HWHH3D8uKFebly/hKr/fBlDsu3zxUQ/EU2ry356Gn/4WK1pA7PxoN7d0v/OTVs3h+ihVx9dqvbE8byon1hTppiBpLK77GSvr8j1gS7icqYA9sbNp3GuUSUijWtDGz2URbS0Fav8A2TMj5wwHocKHtz4XQ/IjsP7y3ESnTHReqoVnm1oyn2mI0kjyNrxf2LrXqyeCMNrPBfvZPSHSt3v5n/c+0lGjCmbYLPbj4NBCspq+UK2dIO11AzLgbySUpqBlO2u1VtMGAWSrP+WbYkWtTIFeRzwJ52x1kuOnm6zgBwOMxBLbU/H5od7UfGKtqj4rd root@ubuntu-bionic
-----END SSH HOST KEY KEYS-----
[   32.900994] cloud-init[1606]: Cloud-init v. 22.2-0ubuntu1~18.04.2 running 'modules:final' at Sun, 03 Jul 2022 22:16:34 +0000. Up 32.64 seconds.
[   32.901085] cloud-init[1606]: Cloud-init v. 22.2-0ubuntu1~18.04.2 finished at Sun, 03 Jul 2022 22:16:35 +0000. Datasource DataSourceNoCloud [seed=/dev/sdb][dsmode=net].  Up 32.88 seconds
[[0;32m  OK  [0m] Stopped Unattended Upgrades Shutdown.
         Stopping Session 3 of user vagrant.
[[0;32m  OK  [0m] Stopped target Cloud-init target.
[[0;32m  OK  [0m] Stopped Execute cloud user/final scripts.
[[0;32m  OK  [0m] Stopped Apply the settings specified in cloud-config.
[[0;32m  OK  [0m] Stopped target Cloud-config availability.
[[0;32m  OK  [0m] Stopped target Graphical Interface.
         Stopping Authorization Manager...
         Stopping Availability of block devices...
         Stopping Accounts Service...
[[0;32m  OK  [0m] Stopped target Multi-User System.
         Stopping Regular background program processing daemon...
         Stopping Deferred execution scheduler...
[[0;32m  OK  [0m] Stopped target Login Prompts.
         Stopping Serial Getty on ttyS0...
         Stopping LSB: Record successful boot for GRUB...
         Stopping OpenBSD Secure Shell server...
         Stopping Dispatcher daemon for systemd-networkd...
         Stopping D-Bus System Message Bus...
         Stopping Virtualbox guest utils...
         Stopping LXD - container startup/shutdown...
         Stopping LSB: automatic crash report generation...
[[0;32m  OK  [0m] Closed Load/Save RF Kill Switch Status /dev/rfkill Watch.
[[0;32m  OK  [0m] Stopped Wait until snapd is fully seeded.
         Stopping User Manager for UID 1000...
         Stopping System Logging Service...
         Stopping Getty on tty1...
[[0;32m  OK  [0m] Stopped target Timers.
[[0;32m  OK  [0m] Stopped Daily apt upgrade and clean activities.
[[0;32m  OK  [0m] Stopped Daily apt download activities.
[[0;32m  OK  [0m] Stopped Daily Cleanup of Temporary Directories.
[[0;32m  OK  [0m] Stopped Ubuntu Advantage Timer for running repeated jobs.
[[0;32m  OK  [0m] Stopped Message of the Day.
[[0;32m  OK  [0m] Stopped Discard unused blocks once a week.
[[0;32m  OK  [0m] Stopped target System Time Synchronized.
         Stopping MySQL Community Server...
         Stopping Session 5 of user vagrant.
         Stopping The Apache HTTP Server...
         Stopping irqbalance daemon...
         Stopping FUSE filesystem for LXC...
[[0;32m  OK  [0m] Stopped Dispatcher daemon for systemd-networkd.
[[0;32m  OK  [0m] Unmounted /var/lib/lxcfs.
[[0;32m  OK  [0m] Stopped Regular background program processing daemon.
[[0;32m  OK  [0m] Stopped irqbalance daemon.
[[0;32m  OK  [0m] Stopped Deferred execution scheduler.
[[0;32m  OK  [0m] Stopped Accounts Service.
[[0;32m  OK  [0m] Stopped Authorization Manager.
[[0;32m  OK  [0m] Stopped Serial Getty on ttyS0.
[[0;32m  OK  [0m] Stopped Getty on tty1.
[[0;32m  OK  [0m] Stopped OpenBSD Secure Shell server.
[[0;32m  OK  [0m] Stopped User Manager for UID 1000.
[[0;32m  OK  [0m] Stopped System Logging Service.
[[0;32m  OK  [0m] Stopped Availability of block devices.
[[0;32m  OK  [0m] Stopped D-Bus System Message Bus.
[[0;32m  OK  [0m] Stopped FUSE filesystem for LXC.
[[0;32m  OK  [0m] Stopped Session 5 of user vagrant.
[[0;32m  OK  [0m] Stopped Session 3 of user vagrant.
[[0;32m  OK  [0m] Stopped LXD - container startup/shutdown.
[[0;32m  OK  [0m] Removed slice User Slice of vagrant.
         Stopping Login Service...
[[0;32m  OK  [0m] Removed slice system-getty.slice.
[[0;32m  OK  [0m] Removed slice system-serial\x2dgetty.slice.
         Stopping Permit User Sessions...
[[0;32m  OK  [0m] Stopped LSB: Record successful boot for GRUB.
[[0;32m  OK  [0m] Stopped LSB: automatic crash report generation.
[[0;32m  OK  [0m] Stopped Permit User Sessions.
[[0;32m  OK  [0m] Stopped Virtualbox guest utils.
[[0;32m  OK  [0m] Stopped Login Service.
[[0;32m  OK  [0m] Stopped target User and Group Name Lookups.
[[0;32m  OK  [0m] Stopped The Apache HTTP Server.
[[0;32m  OK  [0m] Stopped target Remote File Systems.
         Unmounting /vagrant...
[[0;32m  OK  [0m] Stopped target Host and Network Name Lookups.
[[0;32m  OK  [0m] Unmounted /vagrant.
[[0;32m  OK  [0m] Stopped target Remote File Systems (Pre).
[[0;32m  OK  [0m] Stopped target Network is Online.
[[0;32m  OK  [0m] Stopped MySQL Community Server.
[[0;32m  OK  [0m] Stopped target Basic System.
[[0;32m  OK  [0m] Stopped target Paths.
[[0;32m  OK  [0m] Stopped ACPI Events Check.
[[0;32m  OK  [0m] Stopped target Slices.
[[0;32m  OK  [0m] Removed slice User and Session Slice.
[[0;32m  OK  [0m] Stopped target Sockets.
[[0;32m  OK  [0m] Closed LXD - unix socket.
[[0;32m  OK  [0m] Closed D-Bus System Message Bus Socket.
[[0;32m  OK  [0m] Closed cloud-init hotplug hook socket.
[[0;32m  OK  [0m] Closed ACPID Listen Socket.
[[0;32m  OK  [0m] Closed Socket activation for snappy daemon.
[[0;32m  OK  [0m] Closed Open-iSCSI iscsid Socket.
[[0;32m  OK  [0m] Closed UUID daemon activation socket.
[[0;32m  OK  [0m] Closed Syslog Socket.
[[0;32m  OK  [0m] Stopped target System Initialization.
         Stopping Load/Save Random Seed...
[[0;32m  OK  [0m] Stopped Commit a transient machine-id on disk.
         Stopping Update UTMP about System Boot/Shutdown...
[[0;32m  OK  [0m] Stopped Initial cloud-init job (metadata service crawler).
[[0;32m  OK  [0m] Stopped Wait for Network to be Configured.
[[0;32m  OK  [0m] Stopped target Local Encrypted Volumes.
[[0;32m  OK  [0m] Stopped Dispatch Password Requests to Console Directory Watch.
[[0;32m  OK  [0m] Stopped Forward Password Requests to Wall Directory Watch.
[[0;32m  OK  [0m] Stopped target Network.
         Stopping Network Name Resolution...
[[0;32m  OK  [0m] Stopped Load/Save Random Seed.
[[0;32m  OK  [0m] Stopped Update UTMP about System Boot/Shutdown.
[[0;32m  OK  [0m] Stopped Network Name Resolution.
[[0;32m  OK  [0m] Stopped Create Volatile Files and Directories.
[[0;32m  OK  [0m] Stopped target Local File Systems.
         Unmounting /run/user/1000...
         Stopping Network Service...
[[0;32m  OK  [0m] Unmounted /run/user/1000.
[[0;32m  OK  [0m] Reached target Unmount All Filesystems.
[[0;32m  OK  [0m] Stopped target Local File Systems (Pre).
         Stopping Monitoring of LVM2 mirrors…ng dmeventd or progress polling...
[[0;32m  OK  [0m] Stopped Create Static Device Nodes in /dev.
[[0;32m  OK  [0m] Stopped target Swap.
[[0;32m  OK  [0m] Stopped Network Service.
[[0;32m  OK  [0m] Stopped Apply Kernel Variables.
[[0;32m  OK  [0m] Stopped Load Kernel Modules.
[[0;32m  OK  [0m] Stopped target Network (Pre).
[[0;32m  OK  [0m] Stopped Initial cloud-init job (pre-networking).
[[0;32m  OK  [0m] Stopped Remount Root and Kernel File Systems.
[[0;32m  OK  [0m] Reached target Shutdown.
[[0;32m  OK  [0m] Reached target Final Step.
         Starting Reboot...
[[0;32m  OK  [0m] Stopped Monitoring of LVM2 mirrors,…sing dmeventd or progress polling.
         Stopping LVM2 metadata daemon...
[  359.634384] reboot: Restarting system
[    0.000000] Linux version 4.15.0-188-generic (buildd@lcy02-amd64-058) (gcc version 7.5.0 (Ubuntu 7.5.0-3ubuntu1~18.04)) #199-Ubuntu SMP Wed Jun 15 20:42:56 UTC 2022 (Ubuntu 4.15.0-188.199-generic 4.15.18)
[    0.000000] Command line: BOOT_IMAGE=/boot/vmlinuz-4.15.0-188-generic root=UUID=407ca50a-734c-4985-a2e9-232809deea3a ro console=tty1 console=ttyS0
[    0.000000] KERNEL supported cpus:
[    0.000000]   Intel GenuineIntel
[    0.000000]   AMD AuthenticAMD
[    0.000000]   Centaur CentaurHauls
[    0.000000] x86/fpu: Supporting XSAVE feature 0x001: 'x87 floating point registers'
[    0.000000] x86/fpu: Supporting XSAVE feature 0x002: 'SSE registers'
[    0.000000] x86/fpu: Supporting XSAVE feature 0x004: 'AVX registers'
[    0.000000] x86/fpu: xstate_offset[2]:  576, xstate_sizes[2]:  256
[    0.000000] x86/fpu: Enabled xstate features 0x7, context size is 832 bytes, using 'standard' format.
[    0.000000] e820: BIOS-provided physical RAM map:
[    0.000000] BIOS-e820: [mem 0x0000000000000000-0x000000000009fbff] usable
[    0.000000] BIOS-e820: [mem 0x000000000009fc00-0x000000000009ffff] reserved
[    0.000000] BIOS-e820: [mem 0x00000000000f0000-0x00000000000fffff] reserved
[    0.000000] BIOS-e820: [mem 0x0000000000100000-0x000000003ffeffff] usable
[    0.000000] BIOS-e820: [mem 0x000000003fff0000-0x000000003fffffff] ACPI data
[    0.000000] BIOS-e820: [mem 0x00000000fec00000-0x00000000fec00fff] reserved
[    0.000000] BIOS-e820: [mem 0x00000000fee00000-0x00000000fee00fff] reserved
[    0.000000] BIOS-e820: [mem 0x00000000fffc0000-0x00000000ffffffff] reserved
[    0.000000] NX (Execute Disable) protection: active
[    0.000000] SMBIOS 2.5 present.
[    0.000000] DMI: innotek GmbH VirtualBox/VirtualBox, BIOS VirtualBox 12/01/2006
[    0.000000] Hypervisor detected: KVM
[    0.000000] e820: last_pfn = 0x3fff0 max_arch_pfn = 0x400000000
[    0.000000] MTRR: Disabled
[    0.000000] x86/PAT: MTRRs disabled, skipping PAT initialization too.
[    0.000000] CPU MTRRs all blank - virtualized system.
[    0.000000] x86/PAT: Configuration [0-7]: WB  WT  UC- UC  WB  WT  UC- UC  
[    0.000000] found SMP MP-table at [mem 0x0009fff0-0x0009ffff]
[    0.000000] Scanning 1 areas for low memory corruption
[    0.000000] RAMDISK: [mem 0x35817000-0x36c02fff]
[    0.000000] ACPI: Early table checksum verification disabled
[    0.000000] ACPI: RSDP 0x00000000000E0000 000024 (v02 VBOX  )
[    0.000000] ACPI: XSDT 0x000000003FFF0030 00003C (v01 VBOX   VBOXXSDT 00000001 ASL  00000061)
[    0.000000] ACPI: FACP 0x000000003FFF00F0 0000F4 (v04 VBOX   VBOXFACP 00000001 ASL  00000061)
[    0.000000] ACPI: DSDT 0x000000003FFF0470 002325 (v02 VBOX   VBOXBIOS 00000002 INTL 20120111)
[    0.000000] ACPI: FACS 0x000000003FFF0200 000040
[    0.000000] ACPI: FACS 0x000000003FFF0200 000040
[    0.000000] ACPI: APIC 0x000000003FFF0240 00005C (v02 VBOX   VBOXAPIC 00000001 ASL  00000061)
[    0.000000] ACPI: SSDT 0x000000003FFF02A0 0001CC (v01 VBOX   VBOXCPUT 00000002 INTL 20120111)
[    0.000000] ACPI: Reserving FACP table memory at [mem 0x3fff00f0-0x3fff01e3]
[    0.000000] ACPI: Reserving DSDT table memory at [mem 0x3fff0470-0x3fff2794]
[    0.000000] ACPI: Reserving FACS table memory at [mem 0x3fff0200-0x3fff023f]
[    0.000000] ACPI: Reserving FACS table memory at [mem 0x3fff0200-0x3fff023f]
[    0.000000] ACPI: Reserving APIC table memory at [mem 0x3fff0240-0x3fff029b]
[    0.000000] ACPI: Reserving SSDT table memory at [mem 0x3fff02a0-0x3fff046b]
[    0.000000] No NUMA configuration found
[    0.000000] Faking a node at [mem 0x0000000000000000-0x000000003ffeffff]
[    0.000000] NODE_DATA(0) allocated [mem 0x3ffc5000-0x3ffeffff]
[    0.000000] kvm-clock: cpu 0, msr 0:3ff44001, primary cpu clock
[    0.000000] kvm-clock: Using msrs 4b564d01 and 4b564d00
[    0.000000] kvm-clock: using sched offset of 5415450147 cycles
[    0.000000] clocksource: kvm-clock: mask: 0xffffffffffffffff max_cycles: 0x1cd42e4dffb, max_idle_ns: 881590591483 ns
[    0.000000] Zone ranges:
[    0.000000]   DMA      [mem 0x0000000000001000-0x0000000000ffffff]
[    0.000000]   DMA32    [mem 0x0000000001000000-0x000000003ffeffff]
[    0.000000]   Normal   empty
[    0.000000]   Device   empty
[    0.000000] Movable zone start for each node
[    0.000000] Early memory node ranges
[    0.000000]   node   0: [mem 0x0000000000001000-0x000000000009efff]
[    0.000000]   node   0: [mem 0x0000000000100000-0x000000003ffeffff]
[    0.000000] Reserved but unavailable: 104 pages
[    0.000000] Initmem setup node 0 [mem 0x0000000000001000-0x000000003ffeffff]
[    0.000000] ACPI: PM-Timer IO Port: 0x4008
[    0.000000] IOAPIC[0]: apic_id 2, version 32, address 0xfec00000, GSI 0-23
[    0.000000] ACPI: INT_SRC_OVR (bus 0 bus_irq 0 global_irq 2 dfl dfl)
[    0.000000] ACPI: INT_SRC_OVR (bus 0 bus_irq 9 global_irq 9 low level)
[    0.000000] Using ACPI (MADT) for SMP configuration information
[    0.000000] smpboot: Allowing 2 CPUs, 0 hotplug CPUs
[    0.000000] PM: Registered nosave memory: [mem 0x00000000-0x00000fff]
[    0.000000] PM: Registered nosave memory: [mem 0x0009f000-0x0009ffff]
[    0.000000] PM: Registered nosave memory: [mem 0x000a0000-0x000effff]
[    0.000000] PM: Registered nosave memory: [mem 0x000f0000-0x000fffff]
[    0.000000] e820: [mem 0x40000000-0xfebfffff] available for PCI devices
[    0.000000] Booting paravirtualized kernel on KVM
[    0.000000] clocksource: refined-jiffies: mask: 0xffffffff max_cycles: 0xffffffff, max_idle_ns: 7645519600211568 ns
[    0.000000] random: get_random_bytes called from start_kernel+0x99/0x500 with crng_init=0
[    0.000000] setup_percpu: NR_CPUS:8192 nr_cpumask_bits:2 nr_cpu_ids:2 nr_node_ids:1
[    0.000000] percpu: Embedded 50 pages/cpu s167936 r8192 d28672 u1048576
[    0.000000] PV qspinlock hash table entries: 256 (order: 0, 4096 bytes)
[    0.000000] Built 1 zonelists, mobility grouping on.  Total pages: 257913
[    0.000000] Policy zone: DMA32
[    0.000000] Kernel command line: BOOT_IMAGE=/boot/vmlinuz-4.15.0-188-generic root=UUID=407ca50a-734c-4985-a2e9-232809deea3a ro console=tty1 console=ttyS0
[    0.000000] Memory: 981776K/1048120K available (12300K kernel code, 2484K rwdata, 4324K rodata, 2468K init, 2724K bss, 66344K reserved, 0K cma-reserved)
[    0.000000] SLUB: HWalign=64, Order=0-3, MinObjects=0, CPUs=2, Nodes=1
[    0.000000] Kernel/User page tables isolation: enabled
[    0.000000] ftrace: allocating 39513 entries in 155 pages
[    0.004000] Hierarchical RCU implementation.
[    0.004000] 	RCU restricting CPUs from NR_CPUS=8192 to nr_cpu_ids=2.
[    0.004000] 	Tasks RCU enabled.
[    0.004000] RCU: Adjusting geometry for rcu_fanout_leaf=16, nr_cpu_ids=2
[    0.004000] NR_IRQS: 524544, nr_irqs: 440, preallocated irqs: 16
[    0.004000] Console: colour VGA+ 80x25
[    0.004000] console [tty1] enabled
[    0.004000] console [ttyS0] enabled
[    0.004000] ACPI: Core revision 20170831
[    0.004000] ACPI: 2 ACPI AML tables successfully acquired and loaded
[    0.004000] APIC: Switch to symmetric I/O mode setup
[    0.004000] x2apic enabled
[    0.004000] Switched APIC routing to physical x2apic.
[    0.004000] ..TIMER: vector=0x30 apic1=0 pin1=2 apic2=-1 pin2=-1
[    0.004005] tsc: Detected 1295.999 MHz processor
[    0.005138] Calibrating delay loop (skipped) preset value.. 2591.99 BogoMIPS (lpj=5183996)
[    0.008008] pid_max: default: 32768 minimum: 301
[    0.009978] Security Framework initialized
[    0.012009] Yama: becoming mindful.
[    0.014440] AppArmor: AppArmor initialized
[    0.016644] Dentry cache hash table entries: 131072 (order: 8, 1048576 bytes)
[    0.018843] Inode-cache hash table entries: 65536 (order: 7, 524288 bytes)
[    0.020032] Mount-cache hash table entries: 2048 (order: 2, 16384 bytes)
[    0.024016] Mountpoint-cache hash table entries: 2048 (order: 2, 16384 bytes)
[    0.026704] Last level iTLB entries: 4KB 64, 2MB 8, 4MB 8
[    0.028005] Last level dTLB entries: 4KB 64, 2MB 0, 4MB 0, 1GB 4
[    0.032008] Spectre V1 : Mitigation: usercopy/swapgs barriers and __user pointer sanitization
[    0.035081] Spectre V2 : Mitigation: Retpolines
[    0.036006] Spectre V2 : Spectre v2 / SpectreRSB mitigation: Filling RSB on context switch
[    0.040008] Speculative Store Bypass: Vulnerable
[    0.044129] MDS: Mitigation: Clear CPU buffers
[    0.045944] MMIO Stale Data: Mitigation: Clear CPU buffers
[    0.048006] SRBDS: Unknown: Dependent on hypervisor status
[    0.049947] Freeing SMP alternatives memory: 36K
[    0.162582] smpboot: CPU0: Intel(R) Core(TM) i5-7Y54 CPU @ 1.20GHz (family: 0x6, model: 0x8e, stepping: 0x9)
[    0.164000] Performance Events: unsupported p6 CPU model 142 no PMU driver, software events only.
[    0.164068] Hierarchical SRCU implementation.
[    0.168719] NMI watchdog: Perf event create on CPU 0 failed with -2
[    0.172007] NMI watchdog: Perf NMI watchdog permanently disabled
[    0.174635] smp: Bringing up secondary CPUs ...
[    0.176130] x86: Booting SMP configuration:
[    0.177863] .... node  #0, CPUs:      #1
[    0.004000] kvm-clock: cpu 1, msr 0:3ff44041, secondary cpu clock
[    0.184100] smp: Brought up 1 node, 2 CPUs
[    0.185763] smpboot: Max logical packages: 1
[    0.188012] smpboot: Total of 2 processors activated (5183.99 BogoMIPS)
[    0.192070] devtmpfs: initialized
[    0.193535] x86/mm: Memory block size: 128MB
[    0.195018] evm: security.selinux
[    0.195871] evm: security.SMACK64
[    0.196005] evm: security.SMACK64EXEC
[    0.197509] evm: security.SMACK64TRANSMUTE
[    0.200006] evm: security.SMACK64MMAP
[    0.201551] evm: security.apparmor
[    0.202833] evm: security.ima
[    0.204005] evm: security.capability
[    0.205927] clocksource: jiffies: mask: 0xffffffff max_cycles: 0xffffffff, max_idle_ns: 7645041785100000 ns
[    0.208210] futex hash table entries: 512 (order: 3, 32768 bytes)
[    0.212066] pinctrl core: initialized pinctrl subsystem
[    0.216445] RTC time: 22:22:08, date: 07/03/22
[    0.218511] NET: Registered protocol family 16
[    0.220097] audit: initializing netlink subsys (disabled)
[    0.224059] audit: type=2000 audit(1656886934.849:1): state=initialized audit_enabled=0 res=1
[    0.224214] cpuidle: using governor ladder
[    0.228014] cpuidle: using governor menu
[    0.229111] ACPI: bus type PCI registered
[    0.230823] acpiphp: ACPI Hot Plug PCI Controller Driver version: 0.5
[    0.232143] PCI: Using configuration type 1 for base access
[    0.237095] HugeTLB registered 2.00 MiB page size, pre-allocated 0 pages
[    0.240116] ACPI: Added _OSI(Module Device)
[    0.244009] ACPI: Added _OSI(Processor Device)
[    0.245160] ACPI: Added _OSI(3.0 _SCP Extensions)
[    0.246669] ACPI: Added _OSI(Processor Aggregator Device)
[    0.248008] ACPI: Added _OSI(Linux-Dell-Video)
[    0.249121] ACPI: Added _OSI(Linux-Lenovo-NV-HDMI-Audio)
[    0.250420] ACPI: Added _OSI(Linux-HPI-Hybrid-Graphics)
[    0.252653] ACPI: Executed 1 blocks of module-level executable AML code
[    0.262019] ACPI: Interpreter enabled
[    0.264026] ACPI: (supports S0 S5)
[    0.265707] ACPI: Using IOAPIC for interrupt routing
[    0.268288] PCI: Using host bridge windows from ACPI; if necessary, use "pci=nocrs" and report a bug
[    0.272000] ACPI: Enabled 2 GPEs in block 00 to 07
[    0.283291] ACPI: PCI Root Bridge [PCI0] (domain 0000 [bus 00-ff])
[    0.284012] acpi PNP0A03:00: _OSC: OS supports [ASPM ClockPM Segments MSI]
[    0.288587] acpi PNP0A03:00: _OSC: not requesting OS control; OS requires [ExtendedConfig ASPM ClockPM MSI]
[    0.292027] acpi PNP0A03:00: fail to add MMCONFIG information, can't access extended PCI configuration space under this bridge.
[    0.296031] PCI host bridge to bus 0000:00
[    0.297102] pci_bus 0000:00: root bus resource [io  0x0000-0x0cf7 window]
[    0.298903] pci_bus 0000:00: root bus resource [io  0x0d00-0xffff window]
[    0.300014] pci_bus 0000:00: root bus resource [mem 0x000a0000-0x000bffff window]
[    0.304012] pci_bus 0000:00: root bus resource [mem 0x40000000-0xfdffffff window]
[    0.308021] pci_bus 0000:00: root bus resource [bus 00-ff]
[    0.316167] pci 0000:00:01.1: legacy IDE quirk: reg 0x10: [io  0x01f0-0x01f7]
[    0.319016] pci 0000:00:01.1: legacy IDE quirk: reg 0x14: [io  0x03f6]
[    0.320009] pci 0000:00:01.1: legacy IDE quirk: reg 0x18: [io  0x0170-0x0177]
[    0.324010] pci 0000:00:01.1: legacy IDE quirk: reg 0x1c: [io  0x0376]
[    0.350895] pci 0000:00:07.0: quirk: [io  0x4000-0x403f] claimed by PIIX4 ACPI
[    0.352125] pci 0000:00:07.0: quirk: [io  0x4100-0x410f] claimed by PIIX4 SMB
[    0.368129] ACPI: PCI Interrupt Link [LNKA] (IRQs 5 9 10 *11)
[    0.371861] ACPI: PCI Interrupt Link [LNKB] (IRQs 5 9 *10 11)
[    0.372341] ACPI: PCI Interrupt Link [LNKC] (IRQs 5 *9 10 11)
[    0.376238] ACPI: PCI Interrupt Link [LNKD] (IRQs 5 9 10 *11)
[    0.381017] SCSI subsystem initialized
[    0.384158] pci 0000:00:02.0: vgaarb: setting as boot VGA device
[    0.388000] pci 0000:00:02.0: vgaarb: VGA device added: decodes=io+mem,owns=io+mem,locks=none
[    0.388015] pci 0000:00:02.0: vgaarb: bridge control possible
[    0.391036] vgaarb: loaded
[    0.392110] ACPI: bus type USB registered
[    0.393766] usbcore: registered new interface driver usbfs
[    0.396124] usbcore: registered new interface driver hub
[    0.400037] usbcore: registered new device driver usb
[    0.402595] EDAC MC: Ver: 3.0.0
[    0.404637] PCI: Using ACPI for IRQ routing
[    0.409606] NetLabel: Initializing
[    0.412007] NetLabel:  domain hash size = 128
[    0.414049] NetLabel:  protocols = UNLABELED CIPSOv4 CALIPSO
[    0.416040] NetLabel:  unlabeled traffic allowed by default
[    0.418905] clocksource: Switched to clocksource kvm-clock
[    0.433480] VFS: Disk quotas dquot_6.6.0
[    0.435035] VFS: Dquot-cache hash table entries: 512 (order 0, 4096 bytes)
[    0.440373] AppArmor: AppArmor Filesystem Enabled
[    0.442335] pnp: PnP ACPI init
[    0.445699] pnp: PnP ACPI: found 3 devices
[    0.458222] clocksource: acpi_pm: mask: 0xffffff max_cycles: 0xffffff, max_idle_ns: 2085701024 ns
[    0.463417] NET: Registered protocol family 2
[    0.465178] IP idents hash table entries: 16384 (order: 5, 131072 bytes)
[    0.468250] TCP established hash table entries: 8192 (order: 4, 65536 bytes)
[    0.472857] TCP bind hash table entries: 8192 (order: 5, 131072 bytes)
[    0.475648] TCP: Hash tables configured (established 8192 bind 8192)
[    0.479391] UDP hash table entries: 512 (order: 2, 16384 bytes)
[    0.481085] UDP-Lite hash table entries: 512 (order: 2, 16384 bytes)
[    0.482849] NET: Registered protocol family 1
[    0.483944] pci 0000:00:00.0: Limiting direct PCI/PCI transfers
[    0.487683] pci 0000:00:01.0: Activating ISA DMA hang workarounds
[    0.490547] pci 0000:00:02.0: Video device with shadowed ROM at [mem 0x000c0000-0x000dffff]
[    0.493572] Unpacking initramfs...
[    0.926353] Freeing initrd memory: 20400K
[    0.928031] clocksource: tsc: mask: 0xffffffffffffffff max_cycles: 0x12ae5a60723, max_idle_ns: 440795217981 ns
[    0.933671] platform rtc_cmos: registered platform RTC device (no PNP device found)
[    0.937572] Scanning for low memory corruption every 60 seconds
[    0.940611] Initialise system trusted keyrings
[    0.943502] Key type blacklist registered
[    0.945999] workingset: timestamp_bits=36 max_order=18 bucket_order=0
[    0.949867] zbud: loaded
[    0.951670] squashfs: version 4.0 (2009/01/31) Phillip Lougher
[    0.954490] fuse init (API version 7.26)
[    0.959458] Key type asymmetric registered
[    0.960662] Asymmetric key parser 'x509' registered
[    0.962000] Block layer SCSI generic (bsg) driver version 0.4 loaded (major 246)
[    0.963872] io scheduler noop registered
[    0.965380] io scheduler deadline registered
[    0.966627] io scheduler cfq registered (default)
[    0.968761] ACPI: AC Adapter [AC] (off-line)
[    0.970166] input: Power Button as /devices/LNXSYSTM:00/LNXPWRBN:00/input/input0
[    0.973464] ACPI: Power Button [PWRF]
[    0.975039] input: Sleep Button as /devices/LNXSYSTM:00/LNXSLPBN:00/input/input1
[    0.979187] ACPI: Sleep Button [SLPF]
[    0.981980] ACPI: Battery Slot [BAT0] (battery present)
[    0.984180] Serial: 8250/16550 driver, 32 ports, IRQ sharing enabled
[    1.008324] 00:02: ttyS0 at I/O 0x3f8 (irq = 4, base_baud = 115200) is a 16550A
[    1.013330] Linux agpgart interface v0.103
[    1.016293] loop: module loaded
[    1.018968] scsi host0: ata_piix
[    1.020735] scsi host1: ata_piix
[    1.022159] ata1: PATA max UDMA/33 cmd 0x1f0 ctl 0x3f6 bmdma 0xd000 irq 14
[    1.024120] ata2: PATA max UDMA/33 cmd 0x170 ctl 0x376 bmdma 0xd008 irq 15
[    1.027190] tun: Universal TUN/TAP device driver, 1.6
[    1.029321] PPP generic driver version 2.4.2
[    1.030977] ehci_hcd: USB 2.0 'Enhanced' Host Controller (EHCI) Driver
[    1.033266] ehci-pci: EHCI PCI platform driver
[    1.034948] ehci-platform: EHCI generic platform driver
[    1.036575] ohci_hcd: USB 1.1 'Open' Host Controller (OHCI) Driver
[    1.038293] ohci-pci: OHCI PCI platform driver
[    1.039402] ohci-platform: OHCI generic platform driver
[    1.042873] uhci_hcd: USB Universal Host Controller Interface driver
[    1.045958] i8042: PNP: PS/2 Controller [PNP0303:PS2K,PNP0f03:PS2M] at 0x60,0x64 irq 1,12
[    1.049181] serio: i8042 KBD port at 0x60,0x64 irq 1
[    1.051453] serio: i8042 AUX port at 0x60,0x64 irq 12
[    1.055690] mousedev: PS/2 mouse device common for all mice
[    1.061019] input: AT Translated Set 2 keyboard as /devices/platform/i8042/serio0/input/input2
[    1.066621] rtc_cmos rtc_cmos: rtc core: registered rtc_cmos as rtc0
[    1.077696] rtc_cmos rtc_cmos: alarms up to one day, 114 bytes nvram
[    1.088957] i2c /dev entries driver
[    1.094631] device-mapper: uevent: version 1.0.3
[    1.098692] device-mapper: ioctl: 4.37.0-ioctl (2017-09-20) initialised: dm-devel@redhat.com
[    1.111793] ledtrig-cpu: registered to indicate activity on CPUs
[    1.135559] NET: Registered protocol family 10
[    1.159457] Segment Routing with IPv6
[    1.161182] NET: Registered protocol family 17
[    1.163868] Key type dns_resolver registered
[    1.166167] mce: Using 0 MCE banks
[    1.167715] RAS: Correctable Errors collector initialized.
[    1.171399] sched_clock: Marking stable (1171348120, 0)->(1605136585, -433788465)
[    1.182660] registered taskstats version 1
[    1.192800] Loading compiled-in X.509 certificates
[    1.232680] Loaded X.509 cert 'Build time autogenerated kernel key: b66dc1acf13a39763c2531b24acc94c778f61d5e'
[    1.244687] Loaded X.509 cert 'Canonical Ltd. Live Patch Signing: 14df34d1a87cf37625abec039ef2bf521249b969'
[    1.250155] Loaded X.509 cert 'Canonical Ltd. Kernel Module Signing: 88f752e560a1e0737e31163a466ad7b70a850c19'
[    1.275566] blacklist: Loading compiled-in revocation X.509 certificates
[    1.282516] Loaded X.509 cert 'Canonical Ltd. Secure Boot Signing: 61482aa2830d0ab2ad5af10b7250da9033ddcef0'
[    1.296830] zswap: loaded using pool lzo/zbud
[    1.308004] Key type big_key registered
[    1.311170] Key type trusted registered
[    1.317462] Key type encrypted registered
[    1.323785] AppArmor: AppArmor sha1 policy hashing enabled
[    1.330896] ima: No TPM chip found, activating TPM-bypass! (rc=-19)
[    1.334423] ima: Allocated hash algorithm: sha1
[    1.340477] evm: HMAC attrs: 0x1
[    1.345503]   Magic number: 14:388:400
[    1.348647] rtc_cmos rtc_cmos: setting system clock to 2022-07-03 22:22:09 UTC (1656886929)
[    1.355717] BIOS EDD facility v0.16 2004-Jun-25, 0 devices found
[    1.360943] EDD information not available.
[    1.366759] Freeing unused kernel image memory: 2468K
[    1.384717] Write protecting the kernel read-only data: 20480k
[    1.390147] Freeing unused kernel image memory: 2008K
[    1.394226] Freeing unused kernel image memory: 1820K
[    1.420804] x86/mm: Checked W+X mappings: passed, no W+X pages found.
[    1.423618] x86/mm: Checking user space page tables
[    1.449629] x86/mm: Checked W+X mappings: passed, no W+X pages found.
Loading, please wait...
starting version 237
[    1.579749] e1000: Intel(R) PRO/1000 Network Driver - version 7.3.21-k8-NAPI
[    1.582776] e1000: Copyright (c) 1999-2006 Intel Corporation.
[    1.589612] Fusion MPT base driver 3.04.20
[    1.590869] Copyright (c) 1999-2008 LSI Corporation
[    1.621120] AVX2 version of gcm_enc/dec engaged.
[    1.622619] AES CTR mode by8 optimization enabled
[    1.654064] Fusion MPT SPI Host driver 3.04.20
[    1.843979] input: ImExPS/2 Generic Explorer Mouse as /devices/platform/i8042/serio1/input/input4
[    2.154689] e1000 0000:00:03.0 eth0: (PCI:33MHz:32-bit) 02:77:ed:63:d5:e3
[    2.157383] e1000 0000:00:03.0 eth0: Intel(R) PRO/1000 Network Connection
[    2.164298] mptbase: ioc0: Initiating bringup
[    2.171190] e1000 0000:00:03.0 enp0s3: renamed from eth0
[    2.277555] ioc0: LSI53C1030 A0: Capabilities={Initiator}
[    2.525420] scsi host2: ioc0: LSI53C1030 A0, FwRev=00000000h, Ports=1, MaxQ=256, IRQ=20
[    2.698214] scsi 2:0:0:0: Direct-Access     VBOX     HARDDISK         1.0  PQ: 0 ANSI: 5
[    2.732397] scsi target2:0:0: Beginning Domain Validation
[    2.738816] scsi target2:0:0: Domain Validation skipping write tests
[    2.741386] scsi target2:0:0: Ending Domain Validation
[    2.744857] scsi target2:0:0: asynchronous
[    2.748083] scsi 2:0:1:0: Direct-Access     VBOX     HARDDISK         1.0  PQ: 0 ANSI: 5
[    2.780332] scsi target2:0:1: Beginning Domain Validation
[    2.784623] random: fast init done
[    2.786653] scsi target2:0:1: Domain Validation skipping write tests
[    2.789847] scsi target2:0:1: Ending Domain Validation
[    2.791554] scsi target2:0:1: asynchronous
[    2.800118] random: systemd-udevd: uninitialized urandom read (16 bytes read)
[    2.800926] sd 2:0:0:0: Attached scsi generic sg0 type 0
[    2.803990] random: systemd-udevd: uninitialized urandom read (16 bytes read)
[    2.806640] sd 2:0:1:0: Attached scsi generic sg1 type 0
[    2.808476] random: systemd-udevd: uninitialized urandom read (16 bytes read)
[    2.814086] sd 2:0:0:0: [sda] 83886080 512-byte logical blocks: (42.9 GB/40.0 GiB)
[    2.816742] sd 2:0:1:0: [sdb] 20480 512-byte logical blocks: (10.5 MB/10.0 MiB)
[    2.820310] sd 2:0:1:0: [sdb] Write Protect is off
[    2.821880] sd 2:0:0:0: [sda] Write Protect is off
[    2.824607] sd 2:0:1:0: [sdb] Incomplete mode parameter data
[    2.826683] sd 2:0:1:0: [sdb] Assuming drive cache: write through
[    2.828861] sd 2:0:0:0: [sda] Incomplete mode parameter data
[    2.830590] sd 2:0:0:0: [sda] Assuming drive cache: write through
[    2.835827]  sda: sda1
[    2.840305] sd 2:0:0:0: [sda] Attached SCSI disk
[    2.849945] sd 2:0:1:0: [sdb] Attached SCSI disk
Begin: Loading essential drivers ... [    4.576194] raid6: sse2x1   gen()  7559 MB/s
[    4.624088] raid6: sse2x1   xor()  6012 MB/s
[    4.672084] raid6: sse2x2   gen()  8128 MB/s
[    4.720133] raid6: sse2x2   xor()  7300 MB/s
[    4.768086] raid6: sse2x4   gen() 12392 MB/s
[    4.816138] raid6: sse2x4   xor()  7044 MB/s
[    4.864077] raid6: avx2x1   gen() 15055 MB/s
[    4.912657] raid6: avx2x1   xor()  9157 MB/s
[    4.960126] raid6: avx2x2   gen() 15898 MB/s
[    5.008127] raid6: avx2x2   xor() 10284 MB/s
[    5.056098] raid6: avx2x4   gen() 20464 MB/s
[    5.104106] raid6: avx2x4   xor() 12573 MB/s
[    5.105830] raid6: using algorithm avx2x4 gen() 20464 MB/s
[    5.108748] raid6: .... xor() 12573 MB/s, rmw enabled
[    5.111308] raid6: using avx2x2 recovery algorithm
[    5.114896] xor: automatically using best checksumming function   avx       
[    5.118525] async_tx: api initialized (async)
done.
Begin: Running /scripts/init-premount ... done.
Begin: Mounting root file system ... Begin: Running /scripts/local-top ... done.
Begin: Running /scripts/local-premount ... [    5.208857] Btrfs loaded, crc32c=crc32c-intel
Scanning for Btrfs filesystems
done.
Begin: Will now check root file system ... fsck from util-linux 2.31.1
[/sbin/fsck.ext4 (1) -- /dev/sda1] fsck.ext4 -a -C0 /dev/sda1 
cloudimg-rootfs: clean, 108844/5120000 files, 896895/10485499 blocks
done.
[    5.323422] EXT4-fs (sda1): mounted filesystem with ordered data mode. Opts: (null)
done.
Begin: Running /scripts/local-bottom ... done.
Begin: Running /scripts/init-bottom ... done.
[    5.645663] ip_tables: (C) 2000-2006 Netfilter Core Team
[    5.669202] systemd[1]: systemd 237 running in system mode. (+PAM +AUDIT +SELINUX +IMA +APPARMOR +SMACK +SYSVINIT +UTMP +LIBCRYPTSETUP +GCRYPT +GNUTLS +ACL +XZ +LZ4 +SECCOMP +BLKID +ELFUTILS +KMOD -IDN2 +IDN -PCRE2 default-hierarchy=hybrid)
[    5.684137] systemd[1]: Detected virtualization oracle.
[    5.686285] systemd[1]: Detected architecture x86-64.

Welcome to [1mUbuntu 18.04.6 LTS[0m!

[    5.703010] systemd[1]: Set hostname to <ubuntu-bionic>.
[    6.382670] systemd[1]: Set up automount Arbitrary Executable File Formats File System Automount Point.
[[0;32m  OK  [0m] Set up automount Arbitrary Executab…rmats File System Automount Point.
[    6.390463] systemd[1]: Reached target Swap.
[[0;32m  OK  [0m] Reached target Swap.
[    6.400997] systemd[1]: Created slice User and Session Slice.
[[0;32m  OK  [0m] Created slice User and Session Slice.
[    6.407928] systemd[1]: Started Forward Password Requests to Wall Directory Watch.
[[0;32m  OK  [0m] Started Forward Password Requests to Wall Directory Watch.
[    6.414144] systemd[1]: Reached target System Time Synchronized.
[[0;32m  OK  [0m] Reached target System Time Synchronized.
[    6.841295] systemd[1]: Created slice System Slice.
[[0;32m  OK  [0m] Created slice System Slice.
[[0;32m  OK  [0m] Listening on udev Kernel Socket.
[[0;32m  OK  [0m] Listening on Network Service Netlink Socket.
[[0;32m  OK  [0m] Created slice system-serial\x2dgetty.slice.
[[0;32m  OK  [0m] Listening on Journal Socket (/dev/log).
[[0;32m  OK  [0m] Listening on Journal Socket.
         Mounting POSIX Message Queue File System...
         Mounting Huge Pages File System...
         Starting Load Kernel Modules...
[[0;32m  OK  [0m] Reached target Slices.
[[0;32m  OK  [0m] Listening on /dev/initctl Compatibility Named Pipe.
[[0;32m  OK  [0m] Listening on Journal Audit Socket.
         Starting Uncomplicated firewall...
         Mounting Kernel Debug File Syste[    6.989784] Loading iSCSI transport class v2.0-870.
m...
[[0;32m  OK  [0m] Listening on Device-mapper event daemon FIFOs.
[[0;32m  OK  [0m] Listening on udev Control Socket.
         Starting udev Coldplug all Devices...
         Starting Set the console keyboard layout...
[    7.013114] iscsi: registered transport (tcp)
         Starting Create list of required st…ce nodes for the current kernel...
[[0;32m  OK  [0m] Reached target User and Group Name Lookups.
[[0;32m  OK  [0m] Listening on LVM2 poll daemon socket.
[[0;32m  OK  [0m] Listening on Syslog Socket.
[    7.053453] iscsi: registered transport (iser)
         Starting Journal Service...
[[0;32m  OK  [0m] Listening on fsck to fsckd communication Socket.
         Starting Remount Root and Kernel File Systems...
[[0;32m  OK  [0m] Listening on LVM2 metadata daemon socket.
         Starting Monitoring of LVM2 mirrors…ng dmeventd or progress polling...
[[0;32m  OK  [0m] Mounted POSIX Message Queue File System.
[[0;32m  OK  [0m] [    7.077650] EXT4-fs (sda1): re-mounted. Opts: (null)
Mounted Huge Pages File System.
[[0;32m  OK  [0m] Started Load Kernel Modules.
[[0;32m  OK  [0m] Started Uncomplicated firewall.
[[0;32m  OK  [0m] Mounted Kernel Debug File System.
[[0;32m  OK  [0m] Started Create list of required sta…vice nodes for the current kernel.
[[0;32m  OK  [0m] Started Remount Root and Kernel File Systems.
         Starting Load/Save Random Seed...
         Starting Create Static Device Nodes in /dev...
         Mounting FUSE Control File System...
         Mounting Kernel Configuration File System...
         Starting Apply Kernel Variables...
[[0;32m  OK  [0m] Started Journal Service.
[[0;32m  OK  [0m] Mounted Kernel Configuration File System.
         Starting Flush Journal to Persistent Storage...
[[0;32m  OK  [0m] Mounted FUSE Control File System.
[[0;32m  OK  [0m] Started udev Coldplug all Devices.
[[0;32m  OK  [0m] Started Load/Save Random Seed.
[[0;32m  OK  [0m] Started LVM2 metadata daemon.
[[0;32m  OK  [0m] Started Create Static Device Nodes in /dev.
[[0;32m  OK  [0m] Started Apply Kernel Variables.
         Starting udev Kernel Device Manager...
[[0;32m  OK  [0m] Started Monitoring of LVM2 mirrors,…sing dmeventd or progress polling.
[[0;32m  OK  [0m] Started Set the console keyboard layout.
[[0;32m  OK  [0m] Reached target Local File Systems (Pre).
[[0;32m  OK  [0m] Reached target Local File Systems.
         Starting Tell Plymouth To Write Out Runtime Data...
         Starting ebtables ruleset management...
         Starting Set console font and keymap...
         Starting AppArmor initialization...
[[0;32m  OK  [0m] Started Flush Journal to Persistent Storage.
         Starting Create Volatile Files and Directories...
[[0;32m  OK  [0m] Started Tell Plymouth To Write Out Runtime Data.
[[0;32m  OK  [0m] Started Set console font and keymap.
[[0;32m  OK  [0m] Started udev Kernel Device Manager.
[[0;32m  OK  [0m] Started Dispatch Password Requests to Console Directory Watch.
[[0;32m  OK  [0m] Reached target Local Encrypted Volumes.
[[0;32m  OK  [0m] Started Create Volatile Files and Directories.
         Starting Update UTMP about System Boot/Shutdown...
[[0;32m  OK  [0m] Started Update UTMP about System Boot/Shutdown.
[[0;32m  OK  [0m] Started ebtables ruleset management.
[[0;32m  OK  [0m] Started AppArmor initialization.
         Starting Load AppArmor profiles managed internally by snapd...
         Starting Initial cloud-init job (pre-networking)...
[[0;32m  OK  [0m] Started Load AppArmor profiles managed internally by snapd.
[[0;32m  OK  [0m] Found device /dev/ttyS0.
[[0;32m  OK  [0m] Listening on Load/Save RF Kill Switch Status /dev/rfkill Watch.
[    9.958084] cloud-init[532]: Cloud-init v. 22.2-0ubuntu1~18.04.3 running 'init-local' at Sun, 03 Jul 2022 22:22:17 +0000. Up 9.60 seconds.
[[0;32m  OK  [0m] Started Initial cloud-init job (pre-networking).
[[0;32m  OK  [0m] Reached target Network (Pre).
         Starting Network Service...
[[0;32m  OK  [0m] Started Network Service.
         Starting Wait for Network to be Configured...
         Starting Network Name Resolution...
[[0;32m  OK  [0m] Started Network Name Resolution.
[[0;32m  OK  [0m] Reached target Host and Network Name Lookups.
[[0;32m  OK  [0m] Reached target Network.
[[0;32m  OK  [0m] Started Wait for Network to be Configured.
         Starting Initial cloud-init job (metadata service crawler)...
[   12.438848] cloud-init[678]: Cloud-init v. 22.2-0ubuntu1~18.04.3 running 'init' at Sun, 03 Jul 2022 22:22:20 +0000. Up 12.13 seconds.
[   12.443364] cloud-init[678]: ci-info: ++++++++++++++++++++++++++++++++++++++Net device info++++++++++++++++++++++++++++++++++++++
[   12.447773] cloud-init[678]: ci-info: +--------+------+----------------------------+---------------+--------+-------------------+
[   12.451653] cloud-init[678]: ci-info: | Device |  Up  |          Address           |      Mask     | Scope  |     Hw-Address    |
[   12.454225] cloud-init[678]: ci-info: +--------+------+----------------------------+---------------+--------+-------------------+
[   12.458080] cloud-init[678]: ci-info: | enp0s3 | True |         10.0.2.15          | 255.255.255.0 | global | 02:77:ed:63:d5:e3 |
[   12.464394] cloud-init[678]: ci-info: | enp0s3 | True | fe80::77:edff:fe63:d5e3/64 |       .       |  link  | 02:77:ed:63:d5:e3 |
[   12.469272] cloud-init[678]: ci-info: |   lo   | True |         127.0.0.1          |   255.0.0.0   |  host  |         .         |
[   12.480293] cloud-init[678]: ci-info: |   lo   | True |          ::1/128           |       .       |  host  |         .         |
[   12.484120] cloud-init[678]: ci-info: +--------+------+----------------------------+---------------+--------+-------------------+
[   12.487309] cloud-init[678]: ci-info: ++++++++++++++++++++++++++++Route IPv4 info+++++++++++++++++++++++++++++
[   12.490571] cloud-init[678]: ci-info: +-------+-------------+----------+-----------------+-----------+-------+
[   12.493495] cloud-init[678]: ci-info: | Route | Destination | Gateway  |     Genmask     | Interface | Flags |
[   12.499889] cloud-init[678]: ci-info: +-------+-------------+----------+-----------------+-----------+-------+
[   12.503845] cloud-init[678]: ci-info: |   0   |   0.0.0.0   | 10.0.2.2 |     0.0.0.0     |   enp0s3  |   UG  |
[   12.507509] cloud-init[678]: ci-info: |   1   |   10.0.2.0  | 0.0.0.0  |  255.255.255.0  |   enp0s3  |   U   |
[   12.510128] cloud-init[678]: ci-info: |   2   |   10.0.2.2  | 0.0.0.0  | 255.255.255.255 |   enp0s3  |   UH  |
[   12.513027] cloud-init[678]: ci-info: +-------+-------------+----------+-----------------+-----------+-------+
[   12.515281] cloud-init[678]: ci-info: +++++++++++++++++++Route IPv6 info+++++++++++++++++++
[   12.517904] cloud-init[678]: ci-info: +-------+-------------+---------+-----------+-------+
[   12.520403] cloud-init[678]: ci-info: | Route | Destination | Gateway | Interface | Flags |
[   12.522534] cloud-init[678]: ci-info: +-------+-------------+---------+-----------+-------+
[   12.524149] cloud-init[678]: ci-info: |   1   |  fe80::/64  |    ::   |   enp0s3  |   U   |
[   12.536354] cloud-init[678]: ci-info: |   3   |    local    |    ::   |   enp0s3  |   U   |
[   12.549256] cloud-init[678]: ci-info: |   4   |   ff00::/8  |    ::   |   enp0s3  |   U   |
[   12.552611] cloud-init[678]: ci-info: +-------+-------------+---------+-----------+-------+
[[0;32m  OK  [0m] Started Initial cloud-init job (metadata service crawler).
[[0;32m  OK  [0m] Reached target Cloud-config availability.
[[0;32m  OK  [0m] Reached target System Initialization.
[[0;32m  OK  [0m] Listening on UUID daemon activation socket.
[[0;32m  OK  [0m] Started ACPI Events Check.
[[0;32m  OK  [0m] Started Discard unused blocks once a week.
[[0;32m  OK  [0m] Started Daily Cleanup of Temporary Directories.
         Starting Socket activation for snappy daemon.
[[0;32m  OK  [0m] Listening on ACPID Listen Socket.
[[0;32m  OK  [0m] Started Daily apt download activities.
[[0;32m  OK  [0m] Started Daily apt upgrade and clean activities.
[[0;32m  OK  [0m] Listening on cloud-init hotplug hook socket.
[[0;32m  OK  [0m] Listening on Open-iSCSI iscsid Socket.
[[0;32m  OK  [0m] Listening on D-Bus System Message Bus Socket.
[[0;32m  OK  [0m] Reached target Paths.
         Starting LXD - unix socket.
[[0;32m  OK  [0m] Started Ubuntu Advantage Timer for running repeated jobs.
[[0;32m  OK  [0m] Started Message of the Day.
[[0;32m  OK  [0m] Reached target Timers.
[[0;32m  OK  [0m] Reached target Network is Online.
         Starting Availability of block devices...
[[0;32m  OK  [0m] Reached target Remote File Systems (Pre).
         Mounting /vagrant...
[[0;32m  OK  [0m] Listening on Socket activation for snappy daemon.
[[0;32m  OK  [0m] Listening on LXD - unix socket.
[[0;32m  OK  [0m] Started Availability of block devices.
[[0;32m  OK  [0m] Reached target Sockets.
[[0;32m  OK  [0m] Reached target Basic System.
         Starting Accounts Service...
         Starting MySQL Community Server...
         Starting LXD - container startup/shutdown...
[[0;32m  OK  [0m] Started irqbalance daemon.
         Starting LSB: Record successful boot for GRUB...
[[0;32m  OK  [0m] Started Deferred execution scheduler.
         Starting Virtualbox guest utils...
         Starting Login Service...
[[0;32m  OK  [0m] Started FUSE filesystem for LXC.
         Starting System Logging Service...
         Starting OpenBSD Secure Shell server...
[[0;32m  OK  [0m] Started Regular background program processing daemon.
         Starting Dispatcher daemon for systemd-networkd...
[[0;32m  OK  [0m] Started D-Bus System Message Bus.
[[0;32m  OK  [0m] Started Login Service.
[[0;32m  OK  [0m] Started Unattended Upgrades Shutdown.
         Starting Snap Daemon...
[[0;32m  OK  [0m] Started System Logging Service.
[[0;32m  OK  [0m] Mounted /vagrant.
[[0;32m  OK  [0m] Started LXD - container startup/shutdown.
[[0;32m  OK  [0m] Reached target Remote File Systems.
         Starting LSB: automatic crash report generation...
         Starting Permit User Sessions...
         Starting The Apache HTTP Server...
[[0;32m  OK  [0m] Started OpenBSD Secure Shell server.
[[0;32m  OK  [0m] Started Permit User Sessions.
         Starting Terminate Plymouth Boot Screen...
         Starting Hold until boot process finishes up...
[[0;32m  OK  [0m] Started Hold until boot process finishes up.
[[0;32m  OK  [0m] Started Serial Getty on ttyS0.
         Starting Set console scheme...
[[0;32m  OK  [0m] Started Terminate Plymouth Boot Screen.
[[0;32m  OK  [0m] Started Set console scheme.
[[0;32m  OK  [0m] Created slice system-getty.slice.
[[0;32m  OK  [0m] Started Getty on tty1.
[[0;32m  OK  [0m] Reached target Login Prompts.
         Starting Authorization Manager...
[[0;32m  OK  [0m] Started LSB: Record successful boot for GRUB.
[[0;32m  OK  [0m] Started LSB: automatic crash report generation.
[[0;32m  OK  [0m] Started Virtualbox guest utils.
[[0;32m  OK  [0m] Started Authorization Manager.
[[0;32m  OK  [0m] Started Accounts Service.
[[0;32m  OK  [0m] Created slice User Slice of vagrant.
[[0;32m  OK  [0m] Started Dispatcher daemon for systemd-networkd.
         Starting User Manager for UID 1000...
[[0;32m  OK  [0m] Started Session 1 of user vagrant.
[[0;32m  OK  [0m] Started User Manager for UID 1000.
[[0;32m  OK  [0m] Started Snap Daemon.
[[0;32m  OK  [0m] Started The Apache HTTP Server.
         Starting Wait until snapd is fully seeded...
         Starting Time & Date Service...
[[0;32m  OK  [0m] Started Time & Date Service.
[[0;32m  OK  [0m] Started Wait until snapd is fully seeded.
         Starting Apply the settings specified in cloud-config...
[[0;32m  OK  [0m] Started MySQL Community Server.
[   17.443891] cloud-init[1288]: Cloud-init v. 22.2-0ubuntu1~18.04.3 running 'modules:config' at Sun, 03 Jul 2022 22:22:25 +0000. Up 17.12 seconds.
[[0;32m  OK  [0m] Started Apply the settings specified in cloud-config.
[[0;32m  OK  [0m] Reached target Multi-User System.
         Starting Execute cloud user/final scripts...
[[0;32m  OK  [0m] Reached target Graphical Interface.
         Starting Update UTMP about System Runlevel Changes...
[[0;32m  OK  [0m] Started Update UTMP about System Runlevel Changes.
[   19.264578] cloud-init[1359]: Cloud-init v. 22.2-0ubuntu1~18.04.3 running 'modules:final' at Sun, 03 Jul 2022 22:22:26 +0000. Up 18.82 seconds.
[   19.264716] cloud-init[1359]: Cloud-init v. 22.2-0ubuntu1~18.04.3 finished at Sun, 03 Jul 2022 22:22:27 +0000. Datasource DataSourceNoCloud [seed=/dev/sdb][dsmode=net].  Up 19.24 seconds

Ubuntu 18.04.6 LTS ubuntu-bionic ttyS0

ubuntu-bionic login: 